<?xml version="1.0" encoding="UTF-8"?>
<robot generator="Robot 3.1.2 (Python 3.7.3 on win32)" generated="20190628 11:10:20.799" rpa="false">
<suite id="s1" name="Rejestracja klient" source="C:\Users\Pau.Grz\Desktop\Robot framework\FunedaTests\Rejestracja_klient.robot">
<test id="s1-t1" name="Poprawne dane Bezrob">
<kw name="Rejestracja">
<arguments>
<arg>polytestuj+17@gmail.com</arg>
<arg>84052536799</arg>
<arg>Testuję789</arg>
<arg>Testuję789</arg>
<arg>Poly17</arg>
<arg>Testuj17</arg>
<arg>CAA636090</arg>
<arg>2</arg>
<arg>2</arg>
<arg>645393444</arg>
<arg>Testowa</arg>
<arg>8</arg>
<arg>8</arg>
<arg>Poznań</arg>
<arg>88-888</arg>
<arg>8</arg>
<arg>5000</arg>
<arg>800</arg>
</arguments>
<kw name="Otworz Aplikacje Kliencka Wyslij" library="Keywords">
<kw name="Open Browser" library="SeleniumLibrary">
<doc>Opens a new browser instance to the given ``url``.</doc>
<arguments>
<arg>${APLIKACJA KLIENCKA REJESTRACJA}</arg>
<arg>${BROWSER}</arg>
</arguments>
<msg timestamp="20190628 11:10:21.493" level="INFO">Opening browser 'Chrome' to base url 'https://qa-gex.funeda.pl/'.</msg>
<status status="PASS" starttime="20190628 11:10:21.492" endtime="20190628 11:10:32.582"></status>
</kw>
<kw name="Maximize Browser Window" library="SeleniumLibrary">
<doc>Maximizes current browser window.</doc>
<status status="PASS" starttime="20190628 11:10:32.583" endtime="20190628 11:10:36.732"></status>
</kw>
<kw name="Wait Until Page Contains" library="SeleniumLibrary">
<doc>Waits until ``text`` appears on current page.</doc>
<arguments>
<arg>Kalkulator pożyczki</arg>
</arguments>
<status status="PASS" starttime="20190628 11:10:36.733" endtime="20190628 11:10:36.752"></status>
</kw>
<kw name="Wyslij" library="Keywords">
<kw name="Click Button" library="SeleniumLibrary">
<doc>Clicks button identified by ``locator``.</doc>
<arguments>
<arg>xpath=//*[@id="root"]/div/button</arg>
</arguments>
<msg timestamp="20190628 11:10:36.753" level="INFO">Clicking button 'xpath=//*[@id="root"]/div/button'.</msg>
<status status="PASS" starttime="20190628 11:10:36.752" endtime="20190628 11:10:36.876"></status>
</kw>
<status status="PASS" starttime="20190628 11:10:36.752" endtime="20190628 11:10:36.876"></status>
</kw>
<status status="PASS" starttime="20190628 11:10:21.492" endtime="20190628 11:10:36.876"></status>
</kw>
<kw name="Wait Until Element Is Visible" library="SeleniumLibrary">
<doc>Waits until element ``locator`` is visible.</doc>
<arguments>
<arg>name=email</arg>
</arguments>
<status status="PASS" starttime="20190628 11:10:36.876" endtime="20190628 11:10:36.921"></status>
</kw>
<kw name="Email" library="Keywords_rejestracja">
<arguments>
<arg>${Email}</arg>
</arguments>
<kw name="Input Text" library="SeleniumLibrary">
<doc>Types the given ``text`` into text field identified by ``locator``.</doc>
<arguments>
<arg>name=email</arg>
<arg>${Email}</arg>
</arguments>
<msg timestamp="20190628 11:10:36.922" level="INFO">Typing text 'polytestuj+17@gmail.com' into text field 'name=email'.</msg>
<status status="PASS" starttime="20190628 11:10:36.922" endtime="20190628 11:10:37.525"></status>
</kw>
<status status="PASS" starttime="20190628 11:10:36.921" endtime="20190628 11:10:37.525"></status>
</kw>
<kw name="Pesel" library="Keywords_rejestracja">
<arguments>
<arg>${Pesel}</arg>
</arguments>
<kw name="Input Text" library="SeleniumLibrary">
<doc>Types the given ``text`` into text field identified by ``locator``.</doc>
<arguments>
<arg>name=personalNumber</arg>
<arg>${Pesel}</arg>
</arguments>
<msg timestamp="20190628 11:10:37.527" level="INFO">Typing text '84052536799' into text field 'name=personalNumber'.</msg>
<status status="PASS" starttime="20190628 11:10:37.526" endtime="20190628 11:10:37.723"></status>
</kw>
<status status="PASS" starttime="20190628 11:10:37.525" endtime="20190628 11:10:37.723"></status>
</kw>
<kw name="Haslo" library="Keywords_rejestracja">
<arguments>
<arg>${Haslo}</arg>
</arguments>
<kw name="Input Text" library="SeleniumLibrary">
<doc>Types the given ``text`` into text field identified by ``locator``.</doc>
<arguments>
<arg>name=password</arg>
<arg>${Haslo}</arg>
</arguments>
<msg timestamp="20190628 11:10:37.724" level="INFO">Typing text 'Testuję789' into text field 'name=password'.</msg>
<status status="PASS" starttime="20190628 11:10:37.724" endtime="20190628 11:10:37.876"></status>
</kw>
<status status="PASS" starttime="20190628 11:10:37.723" endtime="20190628 11:10:37.876"></status>
</kw>
<kw name="Powtorz haslo" library="Keywords_rejestracja">
<arguments>
<arg>${Powtorz haslo}</arg>
</arguments>
<kw name="Input Text" library="SeleniumLibrary">
<doc>Types the given ``text`` into text field identified by ``locator``.</doc>
<arguments>
<arg>name=passwordConfirm</arg>
<arg>${Powtorz haslo}</arg>
</arguments>
<msg timestamp="20190628 11:10:37.877" level="INFO">Typing text 'Testuję789' into text field 'name=passwordConfirm'.</msg>
<status status="PASS" starttime="20190628 11:10:37.876" endtime="20190628 11:10:38.012"></status>
</kw>
<status status="PASS" starttime="20190628 11:10:37.876" endtime="20190628 11:10:38.013"></status>
</kw>
<kw name="Zgoda" library="Keywords_rejestracja">
<kw name="Click Element" library="SeleniumLibrary">
<doc>Click element identified by ``locator``.</doc>
<arguments>
<arg>xpath=//*[@id="root"]/div/div[2]/div[1]/div[2]/div[5]/div/label[1]/span</arg>
</arguments>
<msg timestamp="20190628 11:10:38.013" level="INFO">Clicking element 'xpath=//*[@id="root"]/div/div[2]/div[1]/div[2]/div[5]/div/label[1]/span'.</msg>
<status status="PASS" starttime="20190628 11:10:38.013" endtime="20190628 11:10:38.093"></status>
</kw>
<status status="PASS" starttime="20190628 11:10:38.013" endtime="20190628 11:10:38.094"></status>
</kw>
<kw name="Zarejestruj" library="Keywords_rejestracja">
<kw name="Click Button" library="SeleniumLibrary">
<doc>Clicks button identified by ``locator``.</doc>
<arguments>
<arg>Zarejestruj się</arg>
</arguments>
<msg timestamp="20190628 11:10:38.095" level="INFO">Clicking button 'Zarejestruj się'.</msg>
<status status="PASS" starttime="20190628 11:10:38.094" endtime="20190628 11:10:38.195"></status>
</kw>
<status status="PASS" starttime="20190628 11:10:38.094" endtime="20190628 11:10:38.195"></status>
</kw>
<kw name="Wait Until Element Is Visible" library="SeleniumLibrary">
<doc>Waits until element ``locator`` is visible.</doc>
<arguments>
<arg>name=first_name</arg>
</arguments>
<status status="PASS" starttime="20190628 11:10:38.195" endtime="20190628 11:10:38.883"></status>
</kw>
<kw name="Imie" library="Keywords_rejestracja">
<arguments>
<arg>${Imie}</arg>
</arguments>
<kw name="Input Text" library="SeleniumLibrary">
<doc>Types the given ``text`` into text field identified by ``locator``.</doc>
<arguments>
<arg>name=first_name</arg>
<arg>${Imie}</arg>
</arguments>
<msg timestamp="20190628 11:10:38.884" level="INFO">Typing text 'Poly17' into text field 'name=first_name'.</msg>
<status status="PASS" starttime="20190628 11:10:38.884" endtime="20190628 11:10:39.109"></status>
</kw>
<status status="PASS" starttime="20190628 11:10:38.883" endtime="20190628 11:10:39.109"></status>
</kw>
<kw name="Nazwisko" library="Keywords_rejestracja">
<arguments>
<arg>${Nazwisko}</arg>
</arguments>
<kw name="Input Text" library="SeleniumLibrary">
<doc>Types the given ``text`` into text field identified by ``locator``.</doc>
<arguments>
<arg>name=last_name</arg>
<arg>${Nazwisko}</arg>
</arguments>
<msg timestamp="20190628 11:10:39.111" level="INFO">Typing text 'Testuj17' into text field 'name=last_name'.</msg>
<status status="PASS" starttime="20190628 11:10:39.111" endtime="20190628 11:10:39.294"></status>
</kw>
<status status="PASS" starttime="20190628 11:10:39.110" endtime="20190628 11:10:39.294"></status>
</kw>
<kw name="Numer dowodu" library="Keywords_rejestracja">
<arguments>
<arg>${Numer dowodu}</arg>
</arguments>
<kw name="Input Text" library="SeleniumLibrary">
<doc>Types the given ``text`` into text field identified by ``locator``.</doc>
<arguments>
<arg>name=id_card_number</arg>
<arg>${Numer dowodu}</arg>
</arguments>
<msg timestamp="20190628 11:10:39.296" level="INFO">Typing text 'CAA636090' into text field 'name=id_card_number'.</msg>
<status status="PASS" starttime="20190628 11:10:39.295" endtime="20190628 11:10:39.500"></status>
</kw>
<status status="PASS" starttime="20190628 11:10:39.294" endtime="20190628 11:10:39.500"></status>
</kw>
<kw name="Stan cywilny" library="Keywords_rejestracja">
<arguments>
<arg>${Stan cywilny}</arg>
</arguments>
<kw name="Select From List By Index" library="SeleniumLibrary">
<doc>Selects options from selection list ``locator`` by ``indexes``.</doc>
<arguments>
<arg>name=marital_status</arg>
<arg>${Stan cywilny}</arg>
</arguments>
<msg timestamp="20190628 11:10:39.502" level="INFO">Selecting options from selection list 'name=marital_status' by index 2.</msg>
<status status="PASS" starttime="20190628 11:10:39.501" endtime="20190628 11:10:39.617"></status>
</kw>
<status status="PASS" starttime="20190628 11:10:39.500" endtime="20190628 11:10:39.617"></status>
</kw>
<kw name="Ilosc osob na utrzymaniu" library="Keywords_rejestracja">
<arguments>
<arg>${Ilosc osob na utrzymaniu}</arg>
</arguments>
<kw name="Input Text" library="SeleniumLibrary">
<doc>Types the given ``text`` into text field identified by ``locator``.</doc>
<arguments>
<arg>xpath=//*[@id="root"]/div/div[2]/div/div[2]/div[5]/label/div[1]/input</arg>
<arg>${Ilosc osob na utrzymaniu}</arg>
</arguments>
<msg timestamp="20190628 11:10:39.618" level="INFO">Typing text '2' into text field 'xpath=//*[@id="root"]/div/div[2]/div/div[2]/div[5]/label/div[1]/input'.</msg>
<status status="PASS" starttime="20190628 11:10:39.618" endtime="20190628 11:10:39.713"></status>
</kw>
<status status="PASS" starttime="20190628 11:10:39.617" endtime="20190628 11:10:39.714"></status>
</kw>
<kw name="Numer telefonu" library="Keywords_rejestracja">
<arguments>
<arg>${Numer telefonu}</arg>
</arguments>
<kw name="Input Text" library="SeleniumLibrary">
<doc>Types the given ``text`` into text field identified by ``locator``.</doc>
<arguments>
<arg>xpath=//*[@id="root"]/div/div[2]/div/div[2]/div[6]/div/label/div/input</arg>
<arg>${Numer telefonu}</arg>
</arguments>
<msg timestamp="20190628 11:10:39.715" level="INFO">Typing text '645393444' into text field 'xpath=//*[@id="root"]/div/div[2]/div/div[2]/div[6]/div/label/div/input'.</msg>
<status status="PASS" starttime="20190628 11:10:39.715" endtime="20190628 11:10:39.899"></status>
</kw>
<status status="PASS" starttime="20190628 11:10:39.714" endtime="20190628 11:10:39.899"></status>
</kw>
<kw name="DalejPersonalData" library="Keywords_rejestracja">
<kw name="Click Button" library="SeleniumLibrary">
<doc>Clicks button identified by ``locator``.</doc>
<arguments>
<arg>Dalej</arg>
</arguments>
<msg timestamp="20190628 11:10:39.900" level="INFO">Clicking button 'Dalej'.</msg>
<status status="PASS" starttime="20190628 11:10:39.900" endtime="20190628 11:10:40.004"></status>
</kw>
<status status="PASS" starttime="20190628 11:10:39.899" endtime="20190628 11:10:40.004"></status>
</kw>
<kw name="Wait Until Element Is Visible" library="SeleniumLibrary">
<doc>Waits until element ``locator`` is visible.</doc>
<arguments>
<arg>name=street</arg>
</arguments>
<status status="PASS" starttime="20190628 11:10:40.004" endtime="20190628 11:10:40.037"></status>
</kw>
<kw name="Ulica" library="Keywords_rejestracja">
<arguments>
<arg>${Ulica}</arg>
</arguments>
<kw name="Input Text" library="SeleniumLibrary">
<doc>Types the given ``text`` into text field identified by ``locator``.</doc>
<arguments>
<arg>name=street</arg>
<arg>${Ulica}</arg>
</arguments>
<msg timestamp="20190628 11:10:40.038" level="INFO">Typing text 'Testowa' into text field 'name=street'.</msg>
<status status="PASS" starttime="20190628 11:10:40.037" endtime="20190628 11:10:40.217"></status>
</kw>
<status status="PASS" starttime="20190628 11:10:40.037" endtime="20190628 11:10:40.217"></status>
</kw>
<kw name="Numer budynku" library="Keywords_rejestracja">
<arguments>
<arg>${Numer budynku}</arg>
</arguments>
<kw name="Input Text" library="SeleniumLibrary">
<doc>Types the given ``text`` into text field identified by ``locator``.</doc>
<arguments>
<arg>name=house_number</arg>
<arg>${Numer budynku}</arg>
</arguments>
<msg timestamp="20190628 11:10:40.219" level="INFO">Typing text '8' into text field 'name=house_number'.</msg>
<status status="PASS" starttime="20190628 11:10:40.218" endtime="20190628 11:10:40.302"></status>
</kw>
<status status="PASS" starttime="20190628 11:10:40.217" endtime="20190628 11:10:40.303"></status>
</kw>
<kw name="Numer lokalu" library="Keywords_rejestracja">
<arguments>
<arg>${Numer lokalu}</arg>
</arguments>
<kw name="Input Text" library="SeleniumLibrary">
<doc>Types the given ``text`` into text field identified by ``locator``.</doc>
<arguments>
<arg>name=apartment_number</arg>
<arg>${Numer lokalu}</arg>
</arguments>
<msg timestamp="20190628 11:10:40.304" level="INFO">Typing text '8' into text field 'name=apartment_number'.</msg>
<status status="PASS" starttime="20190628 11:10:40.303" endtime="20190628 11:10:40.387"></status>
</kw>
<status status="PASS" starttime="20190628 11:10:40.303" endtime="20190628 11:10:40.387"></status>
</kw>
<kw name="Miasto" library="Keywords_rejestracja">
<arguments>
<arg>${Miasto}</arg>
</arguments>
<kw name="Input Text" library="SeleniumLibrary">
<doc>Types the given ``text`` into text field identified by ``locator``.</doc>
<arguments>
<arg>name=city</arg>
<arg>${Miasto}</arg>
</arguments>
<msg timestamp="20190628 11:10:40.389" level="INFO">Typing text 'Poznań' into text field 'name=city'.</msg>
<status status="PASS" starttime="20190628 11:10:40.388" endtime="20190628 11:10:40.530"></status>
</kw>
<status status="PASS" starttime="20190628 11:10:40.388" endtime="20190628 11:10:40.530"></status>
</kw>
<kw name="Kod pocztowy" library="Keywords_rejestracja">
<arguments>
<arg>${Kod pocztowy}</arg>
</arguments>
<kw name="Input Text" library="SeleniumLibrary">
<doc>Types the given ``text`` into text field identified by ``locator``.</doc>
<arguments>
<arg>name=postal_code</arg>
<arg>${Kod pocztowy}</arg>
</arguments>
<msg timestamp="20190628 11:10:40.531" level="INFO">Typing text '88-888' into text field 'name=postal_code'.</msg>
<status status="PASS" starttime="20190628 11:10:40.530" endtime="20190628 11:10:40.682"></status>
</kw>
<status status="PASS" starttime="20190628 11:10:40.530" endtime="20190628 11:10:40.683"></status>
</kw>
<kw name="DalejAdress" library="Keywords_rejestracja">
<kw name="Click Button" library="SeleniumLibrary">
<doc>Clicks button identified by ``locator``.</doc>
<arguments>
<arg>Dalej</arg>
</arguments>
<msg timestamp="20190628 11:10:40.683" level="INFO">Clicking button 'Dalej'.</msg>
<status status="PASS" starttime="20190628 11:10:40.683" endtime="20190628 11:10:40.784"></status>
</kw>
<status status="PASS" starttime="20190628 11:10:40.683" endtime="20190628 11:10:40.784"></status>
</kw>
<kw name="Wait Until Element Is Visible" library="SeleniumLibrary">
<doc>Waits until element ``locator`` is visible.</doc>
<arguments>
<arg>name=employment_type</arg>
</arguments>
<status status="PASS" starttime="20190628 11:10:40.784" endtime="20190628 11:10:40.815"></status>
</kw>
<kw name="Typ zatrudnienia" library="Zatrudnienie">
<arguments>
<arg>${Typ zatrudnienia}</arg>
</arguments>
<kw name="Select From List By Index" library="SeleniumLibrary">
<doc>Selects options from selection list ``locator`` by ``indexes``.</doc>
<arguments>
<arg>name=employment_type</arg>
<arg>${Typ zatrudnienia}</arg>
</arguments>
<msg timestamp="20190628 11:10:40.816" level="INFO">Selecting options from selection list 'name=employment_type' by index 8.</msg>
<status status="PASS" starttime="20190628 11:10:40.816" endtime="20190628 11:10:40.972"></status>
</kw>
<status status="PASS" starttime="20190628 11:10:40.816" endtime="20190628 11:10:40.972"></status>
</kw>
<kw name="Run Keyword If" library="BuiltIn">
<doc>Runs the given keyword with the given arguments, if ``condition`` is true.</doc>
<arguments>
<arg>${Typ zatrudnienia}==1</arg>
<arg>UoP_okr</arg>
</arguments>
<status status="PASS" starttime="20190628 11:10:40.973" endtime="20190628 11:10:40.974"></status>
</kw>
<kw name="Run Keyword If" library="BuiltIn">
<doc>Runs the given keyword with the given arguments, if ``condition`` is true.</doc>
<arguments>
<arg>${Typ zatrudnienia}==2</arg>
<arg>Projekt</arg>
</arguments>
<status status="PASS" starttime="20190628 11:10:40.974" endtime="20190628 11:10:40.975"></status>
</kw>
<kw name="Run Keyword If" library="BuiltIn">
<doc>Runs the given keyword with the given arguments, if ``condition`` is true.</doc>
<arguments>
<arg>${Typ zatrudnienia}==3</arg>
<arg>Samozatrudnienie</arg>
</arguments>
<status status="PASS" starttime="20190628 11:10:40.975" endtime="20190628 11:10:40.976"></status>
</kw>
<kw name="Run Keyword If" library="BuiltIn">
<doc>Runs the given keyword with the given arguments, if ``condition`` is true.</doc>
<arguments>
<arg>${Typ zatrudnienia}==4</arg>
<arg>Rencista_okr</arg>
</arguments>
<status status="PASS" starttime="20190628 11:10:40.976" endtime="20190628 11:10:40.977"></status>
</kw>
<kw name="Run Keyword If" library="BuiltIn">
<doc>Runs the given keyword with the given arguments, if ``condition`` is true.</doc>
<arguments>
<arg>${Typ zatrudnienia}==5</arg>
<arg>Student</arg>
</arguments>
<status status="PASS" starttime="20190628 11:10:40.978" endtime="20190628 11:10:40.978"></status>
</kw>
<kw name="Run Keyword If" library="BuiltIn">
<doc>Runs the given keyword with the given arguments, if ``condition`` is true.</doc>
<arguments>
<arg>${Typ zatrudnienia}==6</arg>
<arg>Farmer</arg>
</arguments>
<status status="PASS" starttime="20190628 11:10:40.979" endtime="20190628 11:10:40.979"></status>
</kw>
<kw name="Run Keyword If" library="BuiltIn">
<doc>Runs the given keyword with the given arguments, if ``condition`` is true.</doc>
<arguments>
<arg>${Typ zatrudnienia}==7</arg>
<arg>Gospodyni</arg>
</arguments>
<status status="PASS" starttime="20190628 11:10:40.980" endtime="20190628 11:10:40.980"></status>
</kw>
<kw name="Run Keyword If" library="BuiltIn">
<doc>Runs the given keyword with the given arguments, if ``condition`` is true.</doc>
<arguments>
<arg>${Typ zatrudnienia}==8</arg>
<arg>Bezrobotny</arg>
</arguments>
<kw name="Bezrobotny" library="Zatrudnienie">
<kw name="Typ zatrudnienia" library="Zatrudnienie">
<arguments>
<arg>8</arg>
</arguments>
<kw name="Select From List By Index" library="SeleniumLibrary">
<doc>Selects options from selection list ``locator`` by ``indexes``.</doc>
<arguments>
<arg>name=employment_type</arg>
<arg>${Typ zatrudnienia}</arg>
</arguments>
<msg timestamp="20190628 11:10:40.982" level="INFO">Selecting options from selection list 'name=employment_type' by index 8.</msg>
<status status="PASS" starttime="20190628 11:10:40.982" endtime="20190628 11:10:41.065"></status>
</kw>
<status status="PASS" starttime="20190628 11:10:40.981" endtime="20190628 11:10:41.065"></status>
</kw>
<kw name="Miesieczny przychod" library="Zatrudnienie">
<arguments>
<arg>0</arg>
</arguments>
<kw name="Input Text" library="SeleniumLibrary">
<doc>Types the given ``text`` into text field identified by ``locator``.</doc>
<arguments>
<arg>name=monthly_net_income</arg>
<arg>${Miesieczny przychod}</arg>
</arguments>
<msg timestamp="20190628 11:10:41.065" level="INFO">Typing text '0' into text field 'name=monthly_net_income'.</msg>
<status status="PASS" starttime="20190628 11:10:41.065" endtime="20190628 11:10:41.157"></status>
</kw>
<status status="PASS" starttime="20190628 11:10:41.065" endtime="20190628 11:10:41.157"></status>
</kw>
<kw name="Sposob wplat" library="Zatrudnienie">
<arguments>
<arg>1</arg>
</arguments>
<kw name="Select From List By Index" library="SeleniumLibrary">
<doc>Selects options from selection list ``locator`` by ``indexes``.</doc>
<arguments>
<arg>name=income_payout_target</arg>
<arg>${Sposob wplat}</arg>
</arguments>
<msg timestamp="20190628 11:10:41.158" level="INFO">Selecting options from selection list 'name=income_payout_target' by index 1.</msg>
<status status="PASS" starttime="20190628 11:10:41.158" endtime="20190628 11:10:41.271"></status>
</kw>
<status status="PASS" starttime="20190628 11:10:41.157" endtime="20190628 11:10:41.272"></status>
</kw>
<status status="PASS" starttime="20190628 11:10:40.981" endtime="20190628 11:10:41.272"></status>
</kw>
<status status="PASS" starttime="20190628 11:10:40.980" endtime="20190628 11:10:41.272"></status>
</kw>
<kw name="Run Keyword If" library="BuiltIn">
<doc>Runs the given keyword with the given arguments, if ``condition`` is true.</doc>
<arguments>
<arg>${Typ zatrudnienia}==9</arg>
<arg>Inne</arg>
</arguments>
<status status="PASS" starttime="20190628 11:10:41.272" endtime="20190628 11:10:41.273"></status>
</kw>
<kw name="Run Keyword If" library="BuiltIn">
<doc>Runs the given keyword with the given arguments, if ``condition`` is true.</doc>
<arguments>
<arg>${Typ zatrudnienia}==10</arg>
<arg>PracaDorywcza</arg>
</arguments>
<status status="PASS" starttime="20190628 11:10:41.273" endtime="20190628 11:10:41.274"></status>
</kw>
<kw name="DalejZatrudnienie" library="Zatrudnienie">
<kw name="Click Button" library="SeleniumLibrary">
<doc>Clicks button identified by ``locator``.</doc>
<arguments>
<arg>xpath=//*[@id="root"]/div/div[2]/div/div[3]/button[2]</arg>
</arguments>
<msg timestamp="20190628 11:10:41.275" level="INFO">Clicking button 'xpath=//*[@id="root"]/div/div[2]/div/div[3]/button[2]'.</msg>
<status status="PASS" starttime="20190628 11:10:41.275" endtime="20190628 11:10:41.383"></status>
</kw>
<status status="PASS" starttime="20190628 11:10:41.274" endtime="20190628 11:10:41.383"></status>
</kw>
<kw name="Wait Until Element Is Visible" library="SeleniumLibrary">
<doc>Waits until element ``locator`` is visible.</doc>
<arguments>
<arg>name=monthly_regular_expenses</arg>
</arguments>
<status status="PASS" starttime="20190628 11:10:41.384" endtime="20190628 11:10:41.425"></status>
</kw>
<kw name="Miesieczne wydatki" library="Keywords_rejestracja">
<arguments>
<arg>${Miesieczne wydatki}</arg>
</arguments>
<kw name="Input Text" library="SeleniumLibrary">
<doc>Types the given ``text`` into text field identified by ``locator``.</doc>
<arguments>
<arg>name=monthly_regular_expenses</arg>
<arg>${Miesieczne wydatki}</arg>
</arguments>
<msg timestamp="20190628 11:10:41.427" level="INFO">Typing text '5000' into text field 'name=monthly_regular_expenses'.</msg>
<status status="PASS" starttime="20190628 11:10:41.426" endtime="20190628 11:10:41.581"></status>
</kw>
<status status="PASS" starttime="20190628 11:10:41.426" endtime="20190628 11:10:41.582"></status>
</kw>
<kw name="Dodatkowe wydatki" library="Keywords_rejestracja">
<arguments>
<arg>${Dodatkowe wydatki}</arg>
</arguments>
<kw name="Input Text" library="SeleniumLibrary">
<doc>Types the given ``text`` into text field identified by ``locator``.</doc>
<arguments>
<arg>name=other_loan_monthly_expenses</arg>
<arg>${Dodatkowe wydatki}</arg>
</arguments>
<msg timestamp="20190628 11:10:41.583" level="INFO">Typing text '800' into text field 'name=other_loan_monthly_expenses'.</msg>
<status status="PASS" starttime="20190628 11:10:41.583" endtime="20190628 11:10:41.731"></status>
</kw>
<status status="PASS" starttime="20190628 11:10:41.582" endtime="20190628 11:10:41.731"></status>
</kw>
<kw name="Zgoda1" library="Keywords_rejestracja">
<kw name="Click Element" library="SeleniumLibrary">
<doc>Click element identified by ``locator``.</doc>
<arguments>
<arg>xpath=//*[@id="root"]/div/div[2]/div/div[2]/div[4]/div/div/label[1]/span</arg>
</arguments>
<msg timestamp="20190628 11:10:41.732" level="INFO">Clicking element 'xpath=//*[@id="root"]/div/div[2]/div/div[2]/div[4]/div/div/label[1]/span'.</msg>
<status status="PASS" starttime="20190628 11:10:41.732" endtime="20190628 11:10:41.819"></status>
</kw>
<status status="PASS" starttime="20190628 11:10:41.731" endtime="20190628 11:10:41.819"></status>
</kw>
<kw name="Zgoda2" library="Keywords_rejestracja">
<kw name="Click Element" library="SeleniumLibrary">
<doc>Click element identified by ``locator``.</doc>
<arguments>
<arg>xpath=//*[@id="root"]/div/div[2]/div/div[2]/div[5]/div/div/label[1]/span</arg>
</arguments>
<msg timestamp="20190628 11:10:41.821" level="INFO">Clicking element 'xpath=//*[@id="root"]/div/div[2]/div/div[2]/div[5]/div/div/label[1]/span'.</msg>
<status status="PASS" starttime="20190628 11:10:41.820" endtime="20190628 11:10:41.920"></status>
</kw>
<status status="PASS" starttime="20190628 11:10:41.820" endtime="20190628 11:10:41.920"></status>
</kw>
<kw name="Zgoda3" library="Keywords_rejestracja">
<kw name="Click Element" library="SeleniumLibrary">
<doc>Click element identified by ``locator``.</doc>
<arguments>
<arg>xpath=//*[@id="root"]/div/div[2]/div/div[2]/div[6]/div/div/label[1]/span</arg>
</arguments>
<msg timestamp="20190628 11:10:41.921" level="INFO">Clicking element 'xpath=//*[@id="root"]/div/div[2]/div/div[2]/div[6]/div/div/label[1]/span'.</msg>
<status status="PASS" starttime="20190628 11:10:41.921" endtime="20190628 11:10:42.006"></status>
</kw>
<status status="PASS" starttime="20190628 11:10:41.921" endtime="20190628 11:10:42.007"></status>
</kw>
<kw name="Zgoda4" library="Keywords_rejestracja">
<kw name="Click Element" library="SeleniumLibrary">
<doc>Click element identified by ``locator``.</doc>
<arguments>
<arg>xpath=//*[@id="root"]/div/div[2]/div/div[2]/div[7]/div/div/label[1]/span</arg>
</arguments>
<msg timestamp="20190628 11:10:42.008" level="INFO">Clicking element 'xpath=//*[@id="root"]/div/div[2]/div/div[2]/div[7]/div/div/label[1]/span'.</msg>
<status status="PASS" starttime="20190628 11:10:42.008" endtime="20190628 11:10:42.097"></status>
</kw>
<status status="PASS" starttime="20190628 11:10:42.007" endtime="20190628 11:10:42.097"></status>
</kw>
<kw name="Zgoda5" library="Keywords_rejestracja">
<kw name="Click Element" library="SeleniumLibrary">
<doc>Click element identified by ``locator``.</doc>
<arguments>
<arg>xpath=//*[@id="root"]/div/div[2]/div/div[2]/div[8]/div/div/label[1]/span</arg>
</arguments>
<msg timestamp="20190628 11:10:42.098" level="INFO">Clicking element 'xpath=//*[@id="root"]/div/div[2]/div/div[2]/div[8]/div/div/label[1]/span'.</msg>
<status status="PASS" starttime="20190628 11:10:42.098" endtime="20190628 11:10:42.196"></status>
</kw>
<status status="PASS" starttime="20190628 11:10:42.098" endtime="20190628 11:10:42.196"></status>
</kw>
<kw name="Zgoda6" library="Keywords_rejestracja">
<kw name="Click Element" library="SeleniumLibrary">
<doc>Click element identified by ``locator``.</doc>
<arguments>
<arg>xpath=//*[@id="root"]/div/div[2]/div/div[2]/div[9]/div/div/label[1]/span</arg>
</arguments>
<msg timestamp="20190628 11:10:42.197" level="INFO">Clicking element 'xpath=//*[@id="root"]/div/div[2]/div/div[2]/div[9]/div/div/label[1]/span'.</msg>
<status status="PASS" starttime="20190628 11:10:42.197" endtime="20190628 11:10:42.284"></status>
</kw>
<status status="PASS" starttime="20190628 11:10:42.197" endtime="20190628 11:10:42.284"></status>
</kw>
<kw name="Zgoda7" library="Keywords_rejestracja">
<kw name="Click Element" library="SeleniumLibrary">
<doc>Click element identified by ``locator``.</doc>
<arguments>
<arg>xpath=//*[@id="root"]/div/div[2]/div/div[2]/div[10]/div/div/label[1]/span</arg>
</arguments>
<msg timestamp="20190628 11:10:42.285" level="INFO">Clicking element 'xpath=//*[@id="root"]/div/div[2]/div/div[2]/div[10]/div/div/label[1]/span'.</msg>
<status status="PASS" starttime="20190628 11:10:42.285" endtime="20190628 11:10:42.369"></status>
</kw>
<status status="PASS" starttime="20190628 11:10:42.284" endtime="20190628 11:10:42.369"></status>
</kw>
<kw name="Zgoda8" library="Keywords_rejestracja">
<kw name="Click Element" library="SeleniumLibrary">
<doc>Click element identified by ``locator``.</doc>
<arguments>
<arg>xpath=//*[@id="root"]/div/div[2]/div/div[2]/div[11]/div/div/label[1]/span</arg>
</arguments>
<msg timestamp="20190628 11:10:42.370" level="INFO">Clicking element 'xpath=//*[@id="root"]/div/div[2]/div/div[2]/div[11]/div/div/label[1]/span'.</msg>
<status status="PASS" starttime="20190628 11:10:42.370" endtime="20190628 11:10:42.448"></status>
</kw>
<status status="PASS" starttime="20190628 11:10:42.370" endtime="20190628 11:10:42.449"></status>
</kw>
<kw name="Wyslij wniosek" library="Keywords_rejestracja">
<kw name="Click Button" library="SeleniumLibrary">
<doc>Clicks button identified by ``locator``.</doc>
<arguments>
<arg>Wyślij</arg>
</arguments>
<msg timestamp="20190628 11:10:42.450" level="INFO">Clicking button 'Wyślij'.</msg>
<status status="PASS" starttime="20190628 11:10:42.449" endtime="20190628 11:10:42.591"></status>
</kw>
<status status="PASS" starttime="20190628 11:10:42.449" endtime="20190628 11:10:42.592"></status>
</kw>
<kw name="INGBank" library="Keywords_rejestracja">
<kw name="Wait Until Element Is Visible" library="SeleniumLibrary">
<doc>Waits until element ``locator`` is visible.</doc>
<arguments>
<arg>id=instantor</arg>
</arguments>
<status status="PASS" starttime="20190628 11:10:42.592" endtime="20190628 11:10:43.461"></status>
</kw>
<kw name="Select Frame" library="SeleniumLibrary">
<doc>Sets frame identified by ``locator`` as the current frame.</doc>
<arguments>
<arg>id=instantor</arg>
</arguments>
<msg timestamp="20190628 11:10:43.462" level="INFO">Selecting frame 'id=instantor'.</msg>
<status status="PASS" starttime="20190628 11:10:43.461" endtime="20190628 11:10:43.503"></status>
</kw>
<kw name="Wait Until Element Is Visible" library="SeleniumLibrary">
<doc>Waits until element ``locator`` is visible.</doc>
<arguments>
<arg>xpath=//*[@id="bank-list-chooser-section"]/div[1]/div[2]</arg>
</arguments>
<status status="PASS" starttime="20190628 11:10:43.503" endtime="20190628 11:10:44.087"></status>
</kw>
<kw name="Click Element" library="SeleniumLibrary">
<doc>Click element identified by ``locator``.</doc>
<arguments>
<arg>xpath=//*[@id="bank-list-chooser-section"]/div[1]/div[2]</arg>
</arguments>
<msg timestamp="20190628 11:10:44.088" level="INFO">Clicking element 'xpath=//*[@id="bank-list-chooser-section"]/div[1]/div[2]'.</msg>
<status status="PASS" starttime="20190628 11:10:44.088" endtime="20190628 11:10:44.289"></status>
</kw>
<status status="PASS" starttime="20190628 11:10:42.592" endtime="20190628 11:10:44.289"></status>
</kw>
<kw name="INGLogin" library="Keywords_rejestracja">
<arguments>
<arg>fake42!</arg>
</arguments>
<kw name="Unselect Frame" library="SeleniumLibrary">
<doc>Sets the main frame as the current frame.</doc>
<status status="PASS" starttime="20190628 11:10:44.291" endtime="20190628 11:10:44.295"></status>
</kw>
<kw name="Select Frame" library="SeleniumLibrary">
<doc>Sets frame identified by ``locator`` as the current frame.</doc>
<arguments>
<arg>id=instantor</arg>
</arguments>
<msg timestamp="20190628 11:10:44.296" level="INFO">Selecting frame 'id=instantor'.</msg>
<status status="PASS" starttime="20190628 11:10:44.296" endtime="20190628 11:10:44.342"></status>
</kw>
<kw name="Wait Until Element Is Visible" library="SeleniumLibrary">
<doc>Waits until element ``locator`` is visible.</doc>
<arguments>
<arg>id=field_01</arg>
</arguments>
<status status="PASS" starttime="20190628 11:10:44.342" endtime="20190628 11:10:44.611"></status>
</kw>
<kw name="Input Text" library="SeleniumLibrary">
<doc>Types the given ``text`` into text field identified by ``locator``.</doc>
<arguments>
<arg>id=field_01</arg>
<arg>${INGlogin}</arg>
</arguments>
<msg timestamp="20190628 11:10:44.612" level="INFO">Typing text 'fake42!' into text field 'id=field_01'.</msg>
<status status="PASS" starttime="20190628 11:10:44.612" endtime="20190628 11:10:44.747"></status>
</kw>
<kw name="Sleep" library="BuiltIn">
<doc>Pauses the test executed for the given time.</doc>
<arguments>
<arg>1s</arg>
</arguments>
<msg timestamp="20190628 11:10:45.760" level="INFO">Slept 1 second</msg>
<status status="PASS" starttime="20190628 11:10:44.747" endtime="20190628 11:10:45.760"></status>
</kw>
<kw name="Click Element" library="SeleniumLibrary">
<doc>Click element identified by ``locator``.</doc>
<arguments>
<arg>id=terms_and_conditions</arg>
</arguments>
<msg timestamp="20190628 11:10:45.760" level="INFO">Clicking element 'id=terms_and_conditions'.</msg>
<status status="PASS" starttime="20190628 11:10:45.760" endtime="20190628 11:10:45.883"></status>
</kw>
<kw name="Click Element" library="SeleniumLibrary">
<doc>Click element identified by ``locator``.</doc>
<arguments>
<arg>id=privacy_policy</arg>
</arguments>
<msg timestamp="20190628 11:10:45.884" level="INFO">Clicking element 'id=privacy_policy'.</msg>
<status status="PASS" starttime="20190628 11:10:45.884" endtime="20190628 11:10:45.986"></status>
</kw>
<kw name="Click Element" library="SeleniumLibrary">
<doc>Click element identified by ``locator``.</doc>
<arguments>
<arg>xpath=//*[@id="main-content"]/div/div/div/div/form/button</arg>
</arguments>
<msg timestamp="20190628 11:10:45.987" level="INFO">Clicking element 'xpath=//*[@id="main-content"]/div/div/div/div/form/button'.</msg>
<status status="PASS" starttime="20190628 11:10:45.987" endtime="20190628 11:10:46.113"></status>
</kw>
<kw name="Wait Until Element Is Visible" library="SeleniumLibrary">
<doc>Waits until element ``locator`` is visible.</doc>
<arguments>
<arg>xpath=//*[@id="root"]/div/div[1]/img</arg>
</arguments>
<status status="PASS" starttime="20190628 11:10:46.113" endtime="20190628 11:10:50.210"></status>
</kw>
<status status="PASS" starttime="20190628 11:10:44.290" endtime="20190628 11:10:50.210"></status>
</kw>
<kw name="Wyloguj klienta" library="Keywords">
<kw name="Sleep" library="BuiltIn">
<doc>Pauses the test executed for the given time.</doc>
<arguments>
<arg>3s</arg>
</arguments>
<msg timestamp="20190628 11:10:53.230" level="INFO">Slept 3 seconds</msg>
<status status="PASS" starttime="20190628 11:10:50.226" endtime="20190628 11:10:53.230"></status>
</kw>
<kw name="Click Button" library="SeleniumLibrary">
<doc>Clicks button identified by ``locator``.</doc>
<arguments>
<arg>xpath=//*[@id="root"]/div/div[1]/form/button</arg>
</arguments>
<msg timestamp="20190628 11:10:53.230" level="INFO">Clicking button 'xpath=//*[@id="root"]/div/div[1]/form/button'.</msg>
<status status="PASS" starttime="20190628 11:10:53.230" endtime="20190628 11:10:53.308"></status>
</kw>
<status status="PASS" starttime="20190628 11:10:50.210" endtime="20190628 11:10:53.308"></status>
</kw>
<kw name="Wait Until Page Contains" library="SeleniumLibrary">
<doc>Waits until ``text`` appears on current page.</doc>
<arguments>
<arg>Nastąpiło wylogowanie z aplikacji.</arg>
</arguments>
<status status="PASS" starttime="20190628 11:10:53.309" endtime="20190628 11:10:53.614"></status>
</kw>
<status status="PASS" starttime="20190628 11:10:21.491" endtime="20190628 11:10:53.614"></status>
</kw>
<status status="PASS" starttime="20190628 11:10:21.491" endtime="20190628 11:10:53.615" critical="yes"></status>
</test>
<test id="s1-t2" name="Poprawne dane Inne">
<kw name="Rejestracja">
<arguments>
<arg>polytestuj+18@gmail.com</arg>
<arg>85080476437</arg>
<arg>Testuję789</arg>
<arg>Testuję789</arg>
<arg>Poly18</arg>
<arg>Testuj18</arg>
<arg>AHM952728</arg>
<arg>2</arg>
<arg>3</arg>
<arg>736383888</arg>
<arg>Testowa</arg>
<arg>9</arg>
<arg>9</arg>
<arg>Grynia</arg>
<arg>99-999</arg>
<arg>9</arg>
<arg>5000</arg>
<arg>800</arg>
</arguments>
<kw name="Otworz Aplikacje Kliencka Wyslij" library="Keywords">
<kw name="Open Browser" library="SeleniumLibrary">
<doc>Opens a new browser instance to the given ``url``.</doc>
<arguments>
<arg>${APLIKACJA KLIENCKA REJESTRACJA}</arg>
<arg>${BROWSER}</arg>
</arguments>
<msg timestamp="20190628 11:10:53.625" level="INFO">Opening browser 'Chrome' to base url 'https://qa-gex.funeda.pl/'.</msg>
<status status="PASS" starttime="20190628 11:10:53.625" endtime="20190628 11:10:59.952"></status>
</kw>
<kw name="Maximize Browser Window" library="SeleniumLibrary">
<doc>Maximizes current browser window.</doc>
<status status="PASS" starttime="20190628 11:10:59.952" endtime="20190628 11:11:04.125"></status>
</kw>
<kw name="Wait Until Page Contains" library="SeleniumLibrary">
<doc>Waits until ``text`` appears on current page.</doc>
<arguments>
<arg>Kalkulator pożyczki</arg>
</arguments>
<status status="PASS" starttime="20190628 11:11:04.125" endtime="20190628 11:11:04.141"></status>
</kw>
<kw name="Wyslij" library="Keywords">
<kw name="Click Button" library="SeleniumLibrary">
<doc>Clicks button identified by ``locator``.</doc>
<arguments>
<arg>xpath=//*[@id="root"]/div/button</arg>
</arguments>
<msg timestamp="20190628 11:11:04.141" level="INFO">Clicking button 'xpath=//*[@id="root"]/div/button'.</msg>
<status status="PASS" starttime="20190628 11:11:04.141" endtime="20190628 11:11:04.279"></status>
</kw>
<status status="PASS" starttime="20190628 11:11:04.141" endtime="20190628 11:11:04.279"></status>
</kw>
<status status="PASS" starttime="20190628 11:10:53.625" endtime="20190628 11:11:04.280"></status>
</kw>
<kw name="Wait Until Element Is Visible" library="SeleniumLibrary">
<doc>Waits until element ``locator`` is visible.</doc>
<arguments>
<arg>name=email</arg>
</arguments>
<status status="PASS" starttime="20190628 11:11:04.280" endtime="20190628 11:11:04.331"></status>
</kw>
<kw name="Email" library="Keywords_rejestracja">
<arguments>
<arg>${Email}</arg>
</arguments>
<kw name="Input Text" library="SeleniumLibrary">
<doc>Types the given ``text`` into text field identified by ``locator``.</doc>
<arguments>
<arg>name=email</arg>
<arg>${Email}</arg>
</arguments>
<msg timestamp="20190628 11:11:04.332" level="INFO">Typing text 'polytestuj+18@gmail.com' into text field 'name=email'.</msg>
<status status="PASS" starttime="20190628 11:11:04.332" endtime="20190628 11:11:04.994"></status>
</kw>
<status status="PASS" starttime="20190628 11:11:04.331" endtime="20190628 11:11:04.994"></status>
</kw>
<kw name="Pesel" library="Keywords_rejestracja">
<arguments>
<arg>${Pesel}</arg>
</arguments>
<kw name="Input Text" library="SeleniumLibrary">
<doc>Types the given ``text`` into text field identified by ``locator``.</doc>
<arguments>
<arg>name=personalNumber</arg>
<arg>${Pesel}</arg>
</arguments>
<msg timestamp="20190628 11:11:04.996" level="INFO">Typing text '85080476437' into text field 'name=personalNumber'.</msg>
<status status="PASS" starttime="20190628 11:11:04.995" endtime="20190628 11:11:05.236"></status>
</kw>
<status status="PASS" starttime="20190628 11:11:04.994" endtime="20190628 11:11:05.236"></status>
</kw>
<kw name="Haslo" library="Keywords_rejestracja">
<arguments>
<arg>${Haslo}</arg>
</arguments>
<kw name="Input Text" library="SeleniumLibrary">
<doc>Types the given ``text`` into text field identified by ``locator``.</doc>
<arguments>
<arg>name=password</arg>
<arg>${Haslo}</arg>
</arguments>
<msg timestamp="20190628 11:11:05.238" level="INFO">Typing text 'Testuję789' into text field 'name=password'.</msg>
<status status="PASS" starttime="20190628 11:11:05.237" endtime="20190628 11:11:05.431"></status>
</kw>
<status status="PASS" starttime="20190628 11:11:05.236" endtime="20190628 11:11:05.432"></status>
</kw>
<kw name="Powtorz haslo" library="Keywords_rejestracja">
<arguments>
<arg>${Powtorz haslo}</arg>
</arguments>
<kw name="Input Text" library="SeleniumLibrary">
<doc>Types the given ``text`` into text field identified by ``locator``.</doc>
<arguments>
<arg>name=passwordConfirm</arg>
<arg>${Powtorz haslo}</arg>
</arguments>
<msg timestamp="20190628 11:11:05.433" level="INFO">Typing text 'Testuję789' into text field 'name=passwordConfirm'.</msg>
<status status="PASS" starttime="20190628 11:11:05.433" endtime="20190628 11:11:05.628"></status>
</kw>
<status status="PASS" starttime="20190628 11:11:05.432" endtime="20190628 11:11:05.628"></status>
</kw>
<kw name="Zgoda" library="Keywords_rejestracja">
<kw name="Click Element" library="SeleniumLibrary">
<doc>Click element identified by ``locator``.</doc>
<arguments>
<arg>xpath=//*[@id="root"]/div/div[2]/div[1]/div[2]/div[5]/div/label[1]/span</arg>
</arguments>
<msg timestamp="20190628 11:11:05.630" level="INFO">Clicking element 'xpath=//*[@id="root"]/div/div[2]/div[1]/div[2]/div[5]/div/label[1]/span'.</msg>
<status status="PASS" starttime="20190628 11:11:05.629" endtime="20190628 11:11:05.729"></status>
</kw>
<status status="PASS" starttime="20190628 11:11:05.629" endtime="20190628 11:11:05.730"></status>
</kw>
<kw name="Zarejestruj" library="Keywords_rejestracja">
<kw name="Click Button" library="SeleniumLibrary">
<doc>Clicks button identified by ``locator``.</doc>
<arguments>
<arg>Zarejestruj się</arg>
</arguments>
<msg timestamp="20190628 11:11:05.731" level="INFO">Clicking button 'Zarejestruj się'.</msg>
<status status="PASS" starttime="20190628 11:11:05.731" endtime="20190628 11:11:05.877"></status>
</kw>
<status status="PASS" starttime="20190628 11:11:05.730" endtime="20190628 11:11:05.877"></status>
</kw>
<kw name="Wait Until Element Is Visible" library="SeleniumLibrary">
<doc>Waits until element ``locator`` is visible.</doc>
<arguments>
<arg>name=first_name</arg>
</arguments>
<status status="PASS" starttime="20190628 11:11:05.877" endtime="20190628 11:11:06.586"></status>
</kw>
<kw name="Imie" library="Keywords_rejestracja">
<arguments>
<arg>${Imie}</arg>
</arguments>
<kw name="Input Text" library="SeleniumLibrary">
<doc>Types the given ``text`` into text field identified by ``locator``.</doc>
<arguments>
<arg>name=first_name</arg>
<arg>${Imie}</arg>
</arguments>
<msg timestamp="20190628 11:11:06.587" level="INFO">Typing text 'Poly18' into text field 'name=first_name'.</msg>
<status status="PASS" starttime="20190628 11:11:06.587" endtime="20190628 11:11:06.843"></status>
</kw>
<status status="PASS" starttime="20190628 11:11:06.587" endtime="20190628 11:11:06.843"></status>
</kw>
<kw name="Nazwisko" library="Keywords_rejestracja">
<arguments>
<arg>${Nazwisko}</arg>
</arguments>
<kw name="Input Text" library="SeleniumLibrary">
<doc>Types the given ``text`` into text field identified by ``locator``.</doc>
<arguments>
<arg>name=last_name</arg>
<arg>${Nazwisko}</arg>
</arguments>
<msg timestamp="20190628 11:11:06.845" level="INFO">Typing text 'Testuj18' into text field 'name=last_name'.</msg>
<status status="PASS" starttime="20190628 11:11:06.844" endtime="20190628 11:11:07.063"></status>
</kw>
<status status="PASS" starttime="20190628 11:11:06.844" endtime="20190628 11:11:07.063"></status>
</kw>
<kw name="Numer dowodu" library="Keywords_rejestracja">
<arguments>
<arg>${Numer dowodu}</arg>
</arguments>
<kw name="Input Text" library="SeleniumLibrary">
<doc>Types the given ``text`` into text field identified by ``locator``.</doc>
<arguments>
<arg>name=id_card_number</arg>
<arg>${Numer dowodu}</arg>
</arguments>
<msg timestamp="20190628 11:11:07.065" level="INFO">Typing text 'AHM952728' into text field 'name=id_card_number'.</msg>
<status status="PASS" starttime="20190628 11:11:07.065" endtime="20190628 11:11:07.323"></status>
</kw>
<status status="PASS" starttime="20190628 11:11:07.063" endtime="20190628 11:11:07.323"></status>
</kw>
<kw name="Stan cywilny" library="Keywords_rejestracja">
<arguments>
<arg>${Stan cywilny}</arg>
</arguments>
<kw name="Select From List By Index" library="SeleniumLibrary">
<doc>Selects options from selection list ``locator`` by ``indexes``.</doc>
<arguments>
<arg>name=marital_status</arg>
<arg>${Stan cywilny}</arg>
</arguments>
<msg timestamp="20190628 11:11:07.325" level="INFO">Selecting options from selection list 'name=marital_status' by index 2.</msg>
<status status="PASS" starttime="20190628 11:11:07.324" endtime="20190628 11:11:07.510"></status>
</kw>
<status status="PASS" starttime="20190628 11:11:07.323" endtime="20190628 11:11:07.510"></status>
</kw>
<kw name="Ilosc osob na utrzymaniu" library="Keywords_rejestracja">
<arguments>
<arg>${Ilosc osob na utrzymaniu}</arg>
</arguments>
<kw name="Input Text" library="SeleniumLibrary">
<doc>Types the given ``text`` into text field identified by ``locator``.</doc>
<arguments>
<arg>xpath=//*[@id="root"]/div/div[2]/div/div[2]/div[5]/label/div[1]/input</arg>
<arg>${Ilosc osob na utrzymaniu}</arg>
</arguments>
<msg timestamp="20190628 11:11:07.512" level="INFO">Typing text '3' into text field 'xpath=//*[@id="root"]/div/div[2]/div/div[2]/div[5]/label/div[1]/input'.</msg>
<status status="PASS" starttime="20190628 11:11:07.511" endtime="20190628 11:11:07.640"></status>
</kw>
<status status="PASS" starttime="20190628 11:11:07.510" endtime="20190628 11:11:07.640"></status>
</kw>
<kw name="Numer telefonu" library="Keywords_rejestracja">
<arguments>
<arg>${Numer telefonu}</arg>
</arguments>
<kw name="Input Text" library="SeleniumLibrary">
<doc>Types the given ``text`` into text field identified by ``locator``.</doc>
<arguments>
<arg>xpath=//*[@id="root"]/div/div[2]/div/div[2]/div[6]/div/label/div/input</arg>
<arg>${Numer telefonu}</arg>
</arguments>
<msg timestamp="20190628 11:11:07.642" level="INFO">Typing text '736383888' into text field 'xpath=//*[@id="root"]/div/div[2]/div/div[2]/div[6]/div/label/div/input'.</msg>
<status status="PASS" starttime="20190628 11:11:07.642" endtime="20190628 11:11:07.921"></status>
</kw>
<status status="PASS" starttime="20190628 11:11:07.641" endtime="20190628 11:11:07.921"></status>
</kw>
<kw name="DalejPersonalData" library="Keywords_rejestracja">
<kw name="Click Button" library="SeleniumLibrary">
<doc>Clicks button identified by ``locator``.</doc>
<arguments>
<arg>Dalej</arg>
</arguments>
<msg timestamp="20190628 11:11:07.923" level="INFO">Clicking button 'Dalej'.</msg>
<status status="PASS" starttime="20190628 11:11:07.922" endtime="20190628 11:11:08.089"></status>
</kw>
<status status="PASS" starttime="20190628 11:11:07.922" endtime="20190628 11:11:08.090"></status>
</kw>
<kw name="Wait Until Element Is Visible" library="SeleniumLibrary">
<doc>Waits until element ``locator`` is visible.</doc>
<arguments>
<arg>name=street</arg>
</arguments>
<status status="PASS" starttime="20190628 11:11:08.090" endtime="20190628 11:11:08.132"></status>
</kw>
<kw name="Ulica" library="Keywords_rejestracja">
<arguments>
<arg>${Ulica}</arg>
</arguments>
<kw name="Input Text" library="SeleniumLibrary">
<doc>Types the given ``text`` into text field identified by ``locator``.</doc>
<arguments>
<arg>name=street</arg>
<arg>${Ulica}</arg>
</arguments>
<msg timestamp="20190628 11:11:08.133" level="INFO">Typing text 'Testowa' into text field 'name=street'.</msg>
<status status="PASS" starttime="20190628 11:11:08.133" endtime="20190628 11:11:08.341"></status>
</kw>
<status status="PASS" starttime="20190628 11:11:08.132" endtime="20190628 11:11:08.342"></status>
</kw>
<kw name="Numer budynku" library="Keywords_rejestracja">
<arguments>
<arg>${Numer budynku}</arg>
</arguments>
<kw name="Input Text" library="SeleniumLibrary">
<doc>Types the given ``text`` into text field identified by ``locator``.</doc>
<arguments>
<arg>name=house_number</arg>
<arg>${Numer budynku}</arg>
</arguments>
<msg timestamp="20190628 11:11:08.344" level="INFO">Typing text '9' into text field 'name=house_number'.</msg>
<status status="PASS" starttime="20190628 11:11:08.343" endtime="20190628 11:11:08.466"></status>
</kw>
<status status="PASS" starttime="20190628 11:11:08.342" endtime="20190628 11:11:08.466"></status>
</kw>
<kw name="Numer lokalu" library="Keywords_rejestracja">
<arguments>
<arg>${Numer lokalu}</arg>
</arguments>
<kw name="Input Text" library="SeleniumLibrary">
<doc>Types the given ``text`` into text field identified by ``locator``.</doc>
<arguments>
<arg>name=apartment_number</arg>
<arg>${Numer lokalu}</arg>
</arguments>
<msg timestamp="20190628 11:11:08.468" level="INFO">Typing text '9' into text field 'name=apartment_number'.</msg>
<status status="PASS" starttime="20190628 11:11:08.467" endtime="20190628 11:11:08.582"></status>
</kw>
<status status="PASS" starttime="20190628 11:11:08.467" endtime="20190628 11:11:08.583"></status>
</kw>
<kw name="Miasto" library="Keywords_rejestracja">
<arguments>
<arg>${Miasto}</arg>
</arguments>
<kw name="Input Text" library="SeleniumLibrary">
<doc>Types the given ``text`` into text field identified by ``locator``.</doc>
<arguments>
<arg>name=city</arg>
<arg>${Miasto}</arg>
</arguments>
<msg timestamp="20190628 11:11:08.585" level="INFO">Typing text 'Grynia' into text field 'name=city'.</msg>
<status status="PASS" starttime="20190628 11:11:08.584" endtime="20190628 11:11:08.780"></status>
</kw>
<status status="PASS" starttime="20190628 11:11:08.583" endtime="20190628 11:11:08.780"></status>
</kw>
<kw name="Kod pocztowy" library="Keywords_rejestracja">
<arguments>
<arg>${Kod pocztowy}</arg>
</arguments>
<kw name="Input Text" library="SeleniumLibrary">
<doc>Types the given ``text`` into text field identified by ``locator``.</doc>
<arguments>
<arg>name=postal_code</arg>
<arg>${Kod pocztowy}</arg>
</arguments>
<msg timestamp="20190628 11:11:08.782" level="INFO">Typing text '99-999' into text field 'name=postal_code'.</msg>
<status status="PASS" starttime="20190628 11:11:08.781" endtime="20190628 11:11:08.967"></status>
</kw>
<status status="PASS" starttime="20190628 11:11:08.781" endtime="20190628 11:11:08.967"></status>
</kw>
<kw name="DalejAdress" library="Keywords_rejestracja">
<kw name="Click Button" library="SeleniumLibrary">
<doc>Clicks button identified by ``locator``.</doc>
<arguments>
<arg>Dalej</arg>
</arguments>
<msg timestamp="20190628 11:11:08.969" level="INFO">Clicking button 'Dalej'.</msg>
<status status="PASS" starttime="20190628 11:11:08.968" endtime="20190628 11:11:09.111"></status>
</kw>
<status status="PASS" starttime="20190628 11:11:08.968" endtime="20190628 11:11:09.111"></status>
</kw>
<kw name="Wait Until Element Is Visible" library="SeleniumLibrary">
<doc>Waits until element ``locator`` is visible.</doc>
<arguments>
<arg>name=employment_type</arg>
</arguments>
<status status="PASS" starttime="20190628 11:11:09.112" endtime="20190628 11:11:09.159"></status>
</kw>
<kw name="Typ zatrudnienia" library="Zatrudnienie">
<arguments>
<arg>${Typ zatrudnienia}</arg>
</arguments>
<kw name="Select From List By Index" library="SeleniumLibrary">
<doc>Selects options from selection list ``locator`` by ``indexes``.</doc>
<arguments>
<arg>name=employment_type</arg>
<arg>${Typ zatrudnienia}</arg>
</arguments>
<msg timestamp="20190628 11:11:09.160" level="INFO">Selecting options from selection list 'name=employment_type' by index 9.</msg>
<status status="PASS" starttime="20190628 11:11:09.160" endtime="20190628 11:11:09.399"></status>
</kw>
<status status="PASS" starttime="20190628 11:11:09.159" endtime="20190628 11:11:09.399"></status>
</kw>
<kw name="Run Keyword If" library="BuiltIn">
<doc>Runs the given keyword with the given arguments, if ``condition`` is true.</doc>
<arguments>
<arg>${Typ zatrudnienia}==1</arg>
<arg>UoP_okr</arg>
</arguments>
<status status="PASS" starttime="20190628 11:11:09.400" endtime="20190628 11:11:09.401"></status>
</kw>
<kw name="Run Keyword If" library="BuiltIn">
<doc>Runs the given keyword with the given arguments, if ``condition`` is true.</doc>
<arguments>
<arg>${Typ zatrudnienia}==2</arg>
<arg>Projekt</arg>
</arguments>
<status status="PASS" starttime="20190628 11:11:09.401" endtime="20190628 11:11:09.402"></status>
</kw>
<kw name="Run Keyword If" library="BuiltIn">
<doc>Runs the given keyword with the given arguments, if ``condition`` is true.</doc>
<arguments>
<arg>${Typ zatrudnienia}==3</arg>
<arg>Samozatrudnienie</arg>
</arguments>
<status status="PASS" starttime="20190628 11:11:09.403" endtime="20190628 11:11:09.403"></status>
</kw>
<kw name="Run Keyword If" library="BuiltIn">
<doc>Runs the given keyword with the given arguments, if ``condition`` is true.</doc>
<arguments>
<arg>${Typ zatrudnienia}==4</arg>
<arg>Rencista_okr</arg>
</arguments>
<status status="PASS" starttime="20190628 11:11:09.404" endtime="20190628 11:11:09.405"></status>
</kw>
<kw name="Run Keyword If" library="BuiltIn">
<doc>Runs the given keyword with the given arguments, if ``condition`` is true.</doc>
<arguments>
<arg>${Typ zatrudnienia}==5</arg>
<arg>Student</arg>
</arguments>
<status status="PASS" starttime="20190628 11:11:09.405" endtime="20190628 11:11:09.406"></status>
</kw>
<kw name="Run Keyword If" library="BuiltIn">
<doc>Runs the given keyword with the given arguments, if ``condition`` is true.</doc>
<arguments>
<arg>${Typ zatrudnienia}==6</arg>
<arg>Farmer</arg>
</arguments>
<status status="PASS" starttime="20190628 11:11:09.407" endtime="20190628 11:11:09.407"></status>
</kw>
<kw name="Run Keyword If" library="BuiltIn">
<doc>Runs the given keyword with the given arguments, if ``condition`` is true.</doc>
<arguments>
<arg>${Typ zatrudnienia}==7</arg>
<arg>Gospodyni</arg>
</arguments>
<status status="PASS" starttime="20190628 11:11:09.408" endtime="20190628 11:11:09.409"></status>
</kw>
<kw name="Run Keyword If" library="BuiltIn">
<doc>Runs the given keyword with the given arguments, if ``condition`` is true.</doc>
<arguments>
<arg>${Typ zatrudnienia}==8</arg>
<arg>Bezrobotny</arg>
</arguments>
<status status="PASS" starttime="20190628 11:11:09.410" endtime="20190628 11:11:09.410"></status>
</kw>
<kw name="Run Keyword If" library="BuiltIn">
<doc>Runs the given keyword with the given arguments, if ``condition`` is true.</doc>
<arguments>
<arg>${Typ zatrudnienia}==9</arg>
<arg>Inne</arg>
</arguments>
<kw name="Inne" library="Zatrudnienie">
<kw name="Typ zatrudnienia" library="Zatrudnienie">
<arguments>
<arg>9</arg>
</arguments>
<kw name="Select From List By Index" library="SeleniumLibrary">
<doc>Selects options from selection list ``locator`` by ``indexes``.</doc>
<arguments>
<arg>name=employment_type</arg>
<arg>${Typ zatrudnienia}</arg>
</arguments>
<msg timestamp="20190628 11:11:09.415" level="INFO">Selecting options from selection list 'name=employment_type' by index 9.</msg>
<status status="PASS" starttime="20190628 11:11:09.414" endtime="20190628 11:11:09.552"></status>
</kw>
<status status="PASS" starttime="20190628 11:11:09.413" endtime="20190628 11:11:09.552"></status>
</kw>
<kw name="Miesieczny przychod" library="Zatrudnienie">
<arguments>
<arg>10000</arg>
</arguments>
<kw name="Input Text" library="SeleniumLibrary">
<doc>Types the given ``text`` into text field identified by ``locator``.</doc>
<arguments>
<arg>name=monthly_net_income</arg>
<arg>${Miesieczny przychod}</arg>
</arguments>
<msg timestamp="20190628 11:11:09.552" level="INFO">Typing text '10000' into text field 'name=monthly_net_income'.</msg>
<status status="PASS" starttime="20190628 11:11:09.552" endtime="20190628 11:11:09.740"></status>
</kw>
<status status="PASS" starttime="20190628 11:11:09.552" endtime="20190628 11:11:09.741"></status>
</kw>
<kw name="Sposob wplat" library="Zatrudnienie">
<arguments>
<arg>2</arg>
</arguments>
<kw name="Select From List By Index" library="SeleniumLibrary">
<doc>Selects options from selection list ``locator`` by ``indexes``.</doc>
<arguments>
<arg>name=income_payout_target</arg>
<arg>${Sposob wplat}</arg>
</arguments>
<msg timestamp="20190628 11:11:09.742" level="INFO">Selecting options from selection list 'name=income_payout_target' by index 2.</msg>
<status status="PASS" starttime="20190628 11:11:09.742" endtime="20190628 11:11:09.860"></status>
</kw>
<status status="PASS" starttime="20190628 11:11:09.741" endtime="20190628 11:11:09.861"></status>
</kw>
<status status="PASS" starttime="20190628 11:11:09.412" endtime="20190628 11:11:09.861"></status>
</kw>
<status status="PASS" starttime="20190628 11:11:09.411" endtime="20190628 11:11:09.861"></status>
</kw>
<kw name="Run Keyword If" library="BuiltIn">
<doc>Runs the given keyword with the given arguments, if ``condition`` is true.</doc>
<arguments>
<arg>${Typ zatrudnienia}==10</arg>
<arg>PracaDorywcza</arg>
</arguments>
<status status="PASS" starttime="20190628 11:11:09.861" endtime="20190628 11:11:09.862"></status>
</kw>
<kw name="DalejZatrudnienie" library="Zatrudnienie">
<kw name="Click Button" library="SeleniumLibrary">
<doc>Clicks button identified by ``locator``.</doc>
<arguments>
<arg>xpath=//*[@id="root"]/div/div[2]/div/div[3]/button[2]</arg>
</arguments>
<msg timestamp="20190628 11:11:09.863" level="INFO">Clicking button 'xpath=//*[@id="root"]/div/div[2]/div/div[3]/button[2]'.</msg>
<status status="PASS" starttime="20190628 11:11:09.863" endtime="20190628 11:11:09.983"></status>
</kw>
<status status="PASS" starttime="20190628 11:11:09.862" endtime="20190628 11:11:09.984"></status>
</kw>
<kw name="Wait Until Element Is Visible" library="SeleniumLibrary">
<doc>Waits until element ``locator`` is visible.</doc>
<arguments>
<arg>name=monthly_regular_expenses</arg>
</arguments>
<status status="PASS" starttime="20190628 11:11:09.984" endtime="20190628 11:11:10.022"></status>
</kw>
<kw name="Miesieczne wydatki" library="Keywords_rejestracja">
<arguments>
<arg>${Miesieczne wydatki}</arg>
</arguments>
<kw name="Input Text" library="SeleniumLibrary">
<doc>Types the given ``text`` into text field identified by ``locator``.</doc>
<arguments>
<arg>name=monthly_regular_expenses</arg>
<arg>${Miesieczne wydatki}</arg>
</arguments>
<msg timestamp="20190628 11:11:10.024" level="INFO">Typing text '5000' into text field 'name=monthly_regular_expenses'.</msg>
<status status="PASS" starttime="20190628 11:11:10.023" endtime="20190628 11:11:10.171"></status>
</kw>
<status status="PASS" starttime="20190628 11:11:10.022" endtime="20190628 11:11:10.171"></status>
</kw>
<kw name="Dodatkowe wydatki" library="Keywords_rejestracja">
<arguments>
<arg>${Dodatkowe wydatki}</arg>
</arguments>
<kw name="Input Text" library="SeleniumLibrary">
<doc>Types the given ``text`` into text field identified by ``locator``.</doc>
<arguments>
<arg>name=other_loan_monthly_expenses</arg>
<arg>${Dodatkowe wydatki}</arg>
</arguments>
<msg timestamp="20190628 11:11:10.172" level="INFO">Typing text '800' into text field 'name=other_loan_monthly_expenses'.</msg>
<status status="PASS" starttime="20190628 11:11:10.172" endtime="20190628 11:11:10.301"></status>
</kw>
<status status="PASS" starttime="20190628 11:11:10.172" endtime="20190628 11:11:10.301"></status>
</kw>
<kw name="Zgoda1" library="Keywords_rejestracja">
<kw name="Click Element" library="SeleniumLibrary">
<doc>Click element identified by ``locator``.</doc>
<arguments>
<arg>xpath=//*[@id="root"]/div/div[2]/div/div[2]/div[4]/div/div/label[1]/span</arg>
</arguments>
<msg timestamp="20190628 11:11:10.302" level="INFO">Clicking element 'xpath=//*[@id="root"]/div/div[2]/div/div[2]/div[4]/div/div/label[1]/span'.</msg>
<status status="PASS" starttime="20190628 11:11:10.302" endtime="20190628 11:11:10.393"></status>
</kw>
<status status="PASS" starttime="20190628 11:11:10.301" endtime="20190628 11:11:10.393"></status>
</kw>
<kw name="Zgoda2" library="Keywords_rejestracja">
<kw name="Click Element" library="SeleniumLibrary">
<doc>Click element identified by ``locator``.</doc>
<arguments>
<arg>xpath=//*[@id="root"]/div/div[2]/div/div[2]/div[5]/div/div/label[1]/span</arg>
</arguments>
<msg timestamp="20190628 11:11:10.394" level="INFO">Clicking element 'xpath=//*[@id="root"]/div/div[2]/div/div[2]/div[5]/div/div/label[1]/span'.</msg>
<status status="PASS" starttime="20190628 11:11:10.394" endtime="20190628 11:11:10.474"></status>
</kw>
<status status="PASS" starttime="20190628 11:11:10.393" endtime="20190628 11:11:10.474"></status>
</kw>
<kw name="Zgoda3" library="Keywords_rejestracja">
<kw name="Click Element" library="SeleniumLibrary">
<doc>Click element identified by ``locator``.</doc>
<arguments>
<arg>xpath=//*[@id="root"]/div/div[2]/div/div[2]/div[6]/div/div/label[1]/span</arg>
</arguments>
<msg timestamp="20190628 11:11:10.475" level="INFO">Clicking element 'xpath=//*[@id="root"]/div/div[2]/div/div[2]/div[6]/div/div/label[1]/span'.</msg>
<status status="PASS" starttime="20190628 11:11:10.475" endtime="20190628 11:11:10.558"></status>
</kw>
<status status="PASS" starttime="20190628 11:11:10.474" endtime="20190628 11:11:10.559"></status>
</kw>
<kw name="Zgoda4" library="Keywords_rejestracja">
<kw name="Click Element" library="SeleniumLibrary">
<doc>Click element identified by ``locator``.</doc>
<arguments>
<arg>xpath=//*[@id="root"]/div/div[2]/div/div[2]/div[7]/div/div/label[1]/span</arg>
</arguments>
<msg timestamp="20190628 11:11:10.560" level="INFO">Clicking element 'xpath=//*[@id="root"]/div/div[2]/div/div[2]/div[7]/div/div/label[1]/span'.</msg>
<status status="PASS" starttime="20190628 11:11:10.559" endtime="20190628 11:11:10.638"></status>
</kw>
<status status="PASS" starttime="20190628 11:11:10.559" endtime="20190628 11:11:10.638"></status>
</kw>
<kw name="Zgoda5" library="Keywords_rejestracja">
<kw name="Click Element" library="SeleniumLibrary">
<doc>Click element identified by ``locator``.</doc>
<arguments>
<arg>xpath=//*[@id="root"]/div/div[2]/div/div[2]/div[8]/div/div/label[1]/span</arg>
</arguments>
<msg timestamp="20190628 11:11:10.639" level="INFO">Clicking element 'xpath=//*[@id="root"]/div/div[2]/div/div[2]/div[8]/div/div/label[1]/span'.</msg>
<status status="PASS" starttime="20190628 11:11:10.639" endtime="20190628 11:11:10.740"></status>
</kw>
<status status="PASS" starttime="20190628 11:11:10.638" endtime="20190628 11:11:10.740"></status>
</kw>
<kw name="Zgoda6" library="Keywords_rejestracja">
<kw name="Click Element" library="SeleniumLibrary">
<doc>Click element identified by ``locator``.</doc>
<arguments>
<arg>xpath=//*[@id="root"]/div/div[2]/div/div[2]/div[9]/div/div/label[1]/span</arg>
</arguments>
<msg timestamp="20190628 11:11:10.741" level="INFO">Clicking element 'xpath=//*[@id="root"]/div/div[2]/div/div[2]/div[9]/div/div/label[1]/span'.</msg>
<status status="PASS" starttime="20190628 11:11:10.741" endtime="20190628 11:11:10.823"></status>
</kw>
<status status="PASS" starttime="20190628 11:11:10.741" endtime="20190628 11:11:10.823"></status>
</kw>
<kw name="Zgoda7" library="Keywords_rejestracja">
<kw name="Click Element" library="SeleniumLibrary">
<doc>Click element identified by ``locator``.</doc>
<arguments>
<arg>xpath=//*[@id="root"]/div/div[2]/div/div[2]/div[10]/div/div/label[1]/span</arg>
</arguments>
<msg timestamp="20190628 11:11:10.824" level="INFO">Clicking element 'xpath=//*[@id="root"]/div/div[2]/div/div[2]/div[10]/div/div/label[1]/span'.</msg>
<status status="PASS" starttime="20190628 11:11:10.824" endtime="20190628 11:11:10.909"></status>
</kw>
<status status="PASS" starttime="20190628 11:11:10.823" endtime="20190628 11:11:10.910"></status>
</kw>
<kw name="Zgoda8" library="Keywords_rejestracja">
<kw name="Click Element" library="SeleniumLibrary">
<doc>Click element identified by ``locator``.</doc>
<arguments>
<arg>xpath=//*[@id="root"]/div/div[2]/div/div[2]/div[11]/div/div/label[1]/span</arg>
</arguments>
<msg timestamp="20190628 11:11:10.911" level="INFO">Clicking element 'xpath=//*[@id="root"]/div/div[2]/div/div[2]/div[11]/div/div/label[1]/span'.</msg>
<status status="PASS" starttime="20190628 11:11:10.910" endtime="20190628 11:11:10.993"></status>
</kw>
<status status="PASS" starttime="20190628 11:11:10.910" endtime="20190628 11:11:10.993"></status>
</kw>
<kw name="Wyslij wniosek" library="Keywords_rejestracja">
<kw name="Click Button" library="SeleniumLibrary">
<doc>Clicks button identified by ``locator``.</doc>
<arguments>
<arg>Wyślij</arg>
</arguments>
<msg timestamp="20190628 11:11:10.994" level="INFO">Clicking button 'Wyślij'.</msg>
<status status="PASS" starttime="20190628 11:11:10.994" endtime="20190628 11:11:11.125"></status>
</kw>
<status status="PASS" starttime="20190628 11:11:10.993" endtime="20190628 11:11:11.125"></status>
</kw>
<kw name="INGBank" library="Keywords_rejestracja">
<kw name="Wait Until Element Is Visible" library="SeleniumLibrary">
<doc>Waits until element ``locator`` is visible.</doc>
<arguments>
<arg>id=instantor</arg>
</arguments>
<status status="PASS" starttime="20190628 11:11:11.126" endtime="20190628 11:11:12.009"></status>
</kw>
<kw name="Select Frame" library="SeleniumLibrary">
<doc>Sets frame identified by ``locator`` as the current frame.</doc>
<arguments>
<arg>id=instantor</arg>
</arguments>
<msg timestamp="20190628 11:11:12.010" level="INFO">Selecting frame 'id=instantor'.</msg>
<status status="PASS" starttime="20190628 11:11:12.009" endtime="20190628 11:11:12.060"></status>
</kw>
<kw name="Wait Until Element Is Visible" library="SeleniumLibrary">
<doc>Waits until element ``locator`` is visible.</doc>
<arguments>
<arg>xpath=//*[@id="bank-list-chooser-section"]/div[1]/div[2]</arg>
</arguments>
<status status="PASS" starttime="20190628 11:11:12.060" endtime="20190628 11:11:12.604"></status>
</kw>
<kw name="Click Element" library="SeleniumLibrary">
<doc>Click element identified by ``locator``.</doc>
<arguments>
<arg>xpath=//*[@id="bank-list-chooser-section"]/div[1]/div[2]</arg>
</arguments>
<msg timestamp="20190628 11:11:12.604" level="INFO">Clicking element 'xpath=//*[@id="bank-list-chooser-section"]/div[1]/div[2]'.</msg>
<status status="PASS" starttime="20190628 11:11:12.604" endtime="20190628 11:11:12.751"></status>
</kw>
<status status="PASS" starttime="20190628 11:11:11.125" endtime="20190628 11:11:12.751"></status>
</kw>
<kw name="INGLogin" library="Keywords_rejestracja">
<arguments>
<arg>fake42!</arg>
</arguments>
<kw name="Unselect Frame" library="SeleniumLibrary">
<doc>Sets the main frame as the current frame.</doc>
<status status="PASS" starttime="20190628 11:11:12.752" endtime="20190628 11:11:12.758"></status>
</kw>
<kw name="Select Frame" library="SeleniumLibrary">
<doc>Sets frame identified by ``locator`` as the current frame.</doc>
<arguments>
<arg>id=instantor</arg>
</arguments>
<msg timestamp="20190628 11:11:12.759" level="INFO">Selecting frame 'id=instantor'.</msg>
<status status="PASS" starttime="20190628 11:11:12.759" endtime="20190628 11:11:12.806"></status>
</kw>
<kw name="Wait Until Element Is Visible" library="SeleniumLibrary">
<doc>Waits until element ``locator`` is visible.</doc>
<arguments>
<arg>id=field_01</arg>
</arguments>
<status status="PASS" starttime="20190628 11:11:12.806" endtime="20190628 11:11:13.050"></status>
</kw>
<kw name="Input Text" library="SeleniumLibrary">
<doc>Types the given ``text`` into text field identified by ``locator``.</doc>
<arguments>
<arg>id=field_01</arg>
<arg>${INGlogin}</arg>
</arguments>
<msg timestamp="20190628 11:11:13.050" level="INFO">Typing text 'fake42!' into text field 'id=field_01'.</msg>
<status status="PASS" starttime="20190628 11:11:13.050" endtime="20190628 11:11:13.181"></status>
</kw>
<kw name="Sleep" library="BuiltIn">
<doc>Pauses the test executed for the given time.</doc>
<arguments>
<arg>1s</arg>
</arguments>
<msg timestamp="20190628 11:11:14.197" level="INFO">Slept 1 second</msg>
<status status="PASS" starttime="20190628 11:11:13.181" endtime="20190628 11:11:14.197"></status>
</kw>
<kw name="Click Element" library="SeleniumLibrary">
<doc>Click element identified by ``locator``.</doc>
<arguments>
<arg>id=terms_and_conditions</arg>
</arguments>
<msg timestamp="20190628 11:11:14.197" level="INFO">Clicking element 'id=terms_and_conditions'.</msg>
<status status="PASS" starttime="20190628 11:11:14.197" endtime="20190628 11:11:14.340"></status>
</kw>
<kw name="Click Element" library="SeleniumLibrary">
<doc>Click element identified by ``locator``.</doc>
<arguments>
<arg>id=privacy_policy</arg>
</arguments>
<msg timestamp="20190628 11:11:14.341" level="INFO">Clicking element 'id=privacy_policy'.</msg>
<status status="PASS" starttime="20190628 11:11:14.341" endtime="20190628 11:11:14.461"></status>
</kw>
<kw name="Click Element" library="SeleniumLibrary">
<doc>Click element identified by ``locator``.</doc>
<arguments>
<arg>xpath=//*[@id="main-content"]/div/div/div/div/form/button</arg>
</arguments>
<msg timestamp="20190628 11:11:14.461" level="INFO">Clicking element 'xpath=//*[@id="main-content"]/div/div/div/div/form/button'.</msg>
<status status="PASS" starttime="20190628 11:11:14.461" endtime="20190628 11:11:14.621"></status>
</kw>
<kw name="Wait Until Element Is Visible" library="SeleniumLibrary">
<doc>Waits until element ``locator`` is visible.</doc>
<arguments>
<arg>xpath=//*[@id="root"]/div/div[1]/img</arg>
</arguments>
<status status="PASS" starttime="20190628 11:11:14.621" endtime="20190628 11:11:18.688"></status>
</kw>
<status status="PASS" starttime="20190628 11:11:12.751" endtime="20190628 11:11:18.688"></status>
</kw>
<kw name="Wyloguj klienta" library="Keywords">
<kw name="Sleep" library="BuiltIn">
<doc>Pauses the test executed for the given time.</doc>
<arguments>
<arg>3s</arg>
</arguments>
<msg timestamp="20190628 11:11:21.689" level="INFO">Slept 3 seconds</msg>
<status status="PASS" starttime="20190628 11:11:18.688" endtime="20190628 11:11:21.689"></status>
</kw>
<kw name="Click Button" library="SeleniumLibrary">
<doc>Clicks button identified by ``locator``.</doc>
<arguments>
<arg>xpath=//*[@id="root"]/div/div[1]/form/button</arg>
</arguments>
<msg timestamp="20190628 11:11:21.689" level="INFO">Clicking button 'xpath=//*[@id="root"]/div/div[1]/form/button'.</msg>
<status status="PASS" starttime="20190628 11:11:21.689" endtime="20190628 11:11:21.773"></status>
</kw>
<status status="PASS" starttime="20190628 11:11:18.688" endtime="20190628 11:11:21.774"></status>
</kw>
<kw name="Wait Until Page Contains" library="SeleniumLibrary">
<doc>Waits until ``text`` appears on current page.</doc>
<arguments>
<arg>Nastąpiło wylogowanie z aplikacji.</arg>
</arguments>
<status status="PASS" starttime="20190628 11:11:21.774" endtime="20190628 11:11:22.060"></status>
</kw>
<status status="PASS" starttime="20190628 11:10:53.624" endtime="20190628 11:11:22.060"></status>
</kw>
<status status="PASS" starttime="20190628 11:10:53.623" endtime="20190628 11:11:22.065" critical="yes"></status>
</test>
<test id="s1-t3" name="SAS failed">
<kw name="Rejestracja">
<arguments>
<arg>polytestuj+119@gmail.com</arg>
<arg>13060623977</arg>
<arg>Testuję789</arg>
<arg>Testuję789</arg>
<arg>Poly19</arg>
<arg>Testuj19</arg>
<arg>JLV022850</arg>
<arg>2</arg>
<arg>1</arg>
<arg>463829266</arg>
<arg>Testowa</arg>
<arg>10</arg>
<arg>10</arg>
<arg>Sopot</arg>
<arg>10-1010</arg>
<arg>10</arg>
<arg>5000</arg>
<arg>800</arg>
</arguments>
<kw name="Otworz Aplikacje Kliencka Wyslij" library="Keywords">
<kw name="Open Browser" library="SeleniumLibrary">
<doc>Opens a new browser instance to the given ``url``.</doc>
<arguments>
<arg>${APLIKACJA KLIENCKA REJESTRACJA}</arg>
<arg>${BROWSER}</arg>
</arguments>
<msg timestamp="20190628 11:11:22.069" level="INFO">Opening browser 'Chrome' to base url 'https://qa-gex.funeda.pl/'.</msg>
<status status="PASS" starttime="20190628 11:11:22.069" endtime="20190628 11:11:28.483"></status>
</kw>
<kw name="Maximize Browser Window" library="SeleniumLibrary">
<doc>Maximizes current browser window.</doc>
<status status="PASS" starttime="20190628 11:11:28.483" endtime="20190628 11:11:32.654"></status>
</kw>
<kw name="Wait Until Page Contains" library="SeleniumLibrary">
<doc>Waits until ``text`` appears on current page.</doc>
<arguments>
<arg>Kalkulator pożyczki</arg>
</arguments>
<status status="PASS" starttime="20190628 11:11:32.654" endtime="20190628 11:11:32.670"></status>
</kw>
<kw name="Wyslij" library="Keywords">
<kw name="Click Button" library="SeleniumLibrary">
<doc>Clicks button identified by ``locator``.</doc>
<arguments>
<arg>xpath=//*[@id="root"]/div/button</arg>
</arguments>
<msg timestamp="20190628 11:11:32.670" level="INFO">Clicking button 'xpath=//*[@id="root"]/div/button'.</msg>
<status status="PASS" starttime="20190628 11:11:32.670" endtime="20190628 11:11:32.821"></status>
</kw>
<status status="PASS" starttime="20190628 11:11:32.670" endtime="20190628 11:11:32.821"></status>
</kw>
<status status="PASS" starttime="20190628 11:11:22.068" endtime="20190628 11:11:32.821"></status>
</kw>
<kw name="Wait Until Element Is Visible" library="SeleniumLibrary">
<doc>Waits until element ``locator`` is visible.</doc>
<arguments>
<arg>name=email</arg>
</arguments>
<status status="PASS" starttime="20190628 11:11:32.822" endtime="20190628 11:11:32.876"></status>
</kw>
<kw name="Email" library="Keywords_rejestracja">
<arguments>
<arg>${Email}</arg>
</arguments>
<kw name="Input Text" library="SeleniumLibrary">
<doc>Types the given ``text`` into text field identified by ``locator``.</doc>
<arguments>
<arg>name=email</arg>
<arg>${Email}</arg>
</arguments>
<msg timestamp="20190628 11:11:32.878" level="INFO">Typing text 'polytestuj+119@gmail.com' into text field 'name=email'.</msg>
<status status="PASS" starttime="20190628 11:11:32.878" endtime="20190628 11:11:33.678"></status>
</kw>
<status status="PASS" starttime="20190628 11:11:32.877" endtime="20190628 11:11:33.678"></status>
</kw>
<kw name="Pesel" library="Keywords_rejestracja">
<arguments>
<arg>${Pesel}</arg>
</arguments>
<kw name="Input Text" library="SeleniumLibrary">
<doc>Types the given ``text`` into text field identified by ``locator``.</doc>
<arguments>
<arg>name=personalNumber</arg>
<arg>${Pesel}</arg>
</arguments>
<msg timestamp="20190628 11:11:33.680" level="INFO">Typing text '13060623977' into text field 'name=personalNumber'.</msg>
<status status="PASS" starttime="20190628 11:11:33.679" endtime="20190628 11:11:33.962"></status>
</kw>
<status status="PASS" starttime="20190628 11:11:33.679" endtime="20190628 11:11:33.962"></status>
</kw>
<kw name="Haslo" library="Keywords_rejestracja">
<arguments>
<arg>${Haslo}</arg>
</arguments>
<kw name="Input Text" library="SeleniumLibrary">
<doc>Types the given ``text`` into text field identified by ``locator``.</doc>
<arguments>
<arg>name=password</arg>
<arg>${Haslo}</arg>
</arguments>
<msg timestamp="20190628 11:11:33.964" level="INFO">Typing text 'Testuję789' into text field 'name=password'.</msg>
<status status="PASS" starttime="20190628 11:11:33.963" endtime="20190628 11:11:34.189"></status>
</kw>
<status status="PASS" starttime="20190628 11:11:33.962" endtime="20190628 11:11:34.189"></status>
</kw>
<kw name="Powtorz haslo" library="Keywords_rejestracja">
<arguments>
<arg>${Powtorz haslo}</arg>
</arguments>
<kw name="Input Text" library="SeleniumLibrary">
<doc>Types the given ``text`` into text field identified by ``locator``.</doc>
<arguments>
<arg>name=passwordConfirm</arg>
<arg>${Powtorz haslo}</arg>
</arguments>
<msg timestamp="20190628 11:11:34.191" level="INFO">Typing text 'Testuję789' into text field 'name=passwordConfirm'.</msg>
<status status="PASS" starttime="20190628 11:11:34.190" endtime="20190628 11:11:34.364"></status>
</kw>
<status status="PASS" starttime="20190628 11:11:34.189" endtime="20190628 11:11:34.364"></status>
</kw>
<kw name="Zgoda" library="Keywords_rejestracja">
<kw name="Click Element" library="SeleniumLibrary">
<doc>Click element identified by ``locator``.</doc>
<arguments>
<arg>xpath=//*[@id="root"]/div/div[2]/div[1]/div[2]/div[5]/div/label[1]/span</arg>
</arguments>
<msg timestamp="20190628 11:11:34.365" level="INFO">Clicking element 'xpath=//*[@id="root"]/div/div[2]/div[1]/div[2]/div[5]/div/label[1]/span'.</msg>
<status status="PASS" starttime="20190628 11:11:34.364" endtime="20190628 11:11:34.471"></status>
</kw>
<status status="PASS" starttime="20190628 11:11:34.364" endtime="20190628 11:11:34.472"></status>
</kw>
<kw name="Zarejestruj" library="Keywords_rejestracja">
<kw name="Click Button" library="SeleniumLibrary">
<doc>Clicks button identified by ``locator``.</doc>
<arguments>
<arg>Zarejestruj się</arg>
</arguments>
<msg timestamp="20190628 11:11:34.473" level="INFO">Clicking button 'Zarejestruj się'.</msg>
<status status="PASS" starttime="20190628 11:11:34.473" endtime="20190628 11:11:34.653"></status>
</kw>
<status status="PASS" starttime="20190628 11:11:34.472" endtime="20190628 11:11:34.653"></status>
</kw>
<kw name="Wait Until Element Is Visible" library="SeleniumLibrary">
<doc>Waits until element ``locator`` is visible.</doc>
<arguments>
<arg>name=first_name</arg>
</arguments>
<status status="PASS" starttime="20190628 11:11:34.653" endtime="20190628 11:11:35.376"></status>
</kw>
<kw name="Imie" library="Keywords_rejestracja">
<arguments>
<arg>${Imie}</arg>
</arguments>
<kw name="Input Text" library="SeleniumLibrary">
<doc>Types the given ``text`` into text field identified by ``locator``.</doc>
<arguments>
<arg>name=first_name</arg>
<arg>${Imie}</arg>
</arguments>
<msg timestamp="20190628 11:11:35.377" level="INFO">Typing text 'Poly19' into text field 'name=first_name'.</msg>
<status status="PASS" starttime="20190628 11:11:35.377" endtime="20190628 11:11:35.697"></status>
</kw>
<status status="PASS" starttime="20190628 11:11:35.376" endtime="20190628 11:11:35.697"></status>
</kw>
<kw name="Nazwisko" library="Keywords_rejestracja">
<arguments>
<arg>${Nazwisko}</arg>
</arguments>
<kw name="Input Text" library="SeleniumLibrary">
<doc>Types the given ``text`` into text field identified by ``locator``.</doc>
<arguments>
<arg>name=last_name</arg>
<arg>${Nazwisko}</arg>
</arguments>
<msg timestamp="20190628 11:11:35.699" level="INFO">Typing text 'Testuj19' into text field 'name=last_name'.</msg>
<status status="PASS" starttime="20190628 11:11:35.698" endtime="20190628 11:11:35.941"></status>
</kw>
<status status="PASS" starttime="20190628 11:11:35.698" endtime="20190628 11:11:35.942"></status>
</kw>
<kw name="Numer dowodu" library="Keywords_rejestracja">
<arguments>
<arg>${Numer dowodu}</arg>
</arguments>
<kw name="Input Text" library="SeleniumLibrary">
<doc>Types the given ``text`` into text field identified by ``locator``.</doc>
<arguments>
<arg>name=id_card_number</arg>
<arg>${Numer dowodu}</arg>
</arguments>
<msg timestamp="20190628 11:11:35.943" level="INFO">Typing text 'JLV022850' into text field 'name=id_card_number'.</msg>
<status status="PASS" starttime="20190628 11:11:35.943" endtime="20190628 11:11:36.237"></status>
</kw>
<status status="PASS" starttime="20190628 11:11:35.942" endtime="20190628 11:11:36.237"></status>
</kw>
<kw name="Stan cywilny" library="Keywords_rejestracja">
<arguments>
<arg>${Stan cywilny}</arg>
</arguments>
<kw name="Select From List By Index" library="SeleniumLibrary">
<doc>Selects options from selection list ``locator`` by ``indexes``.</doc>
<arguments>
<arg>name=marital_status</arg>
<arg>${Stan cywilny}</arg>
</arguments>
<msg timestamp="20190628 11:11:36.239" level="INFO">Selecting options from selection list 'name=marital_status' by index 2.</msg>
<status status="PASS" starttime="20190628 11:11:36.239" endtime="20190628 11:11:36.413"></status>
</kw>
<status status="PASS" starttime="20190628 11:11:36.237" endtime="20190628 11:11:36.413"></status>
</kw>
<kw name="Ilosc osob na utrzymaniu" library="Keywords_rejestracja">
<arguments>
<arg>${Ilosc osob na utrzymaniu}</arg>
</arguments>
<kw name="Input Text" library="SeleniumLibrary">
<doc>Types the given ``text`` into text field identified by ``locator``.</doc>
<arguments>
<arg>xpath=//*[@id="root"]/div/div[2]/div/div[2]/div[5]/label/div[1]/input</arg>
<arg>${Ilosc osob na utrzymaniu}</arg>
</arguments>
<msg timestamp="20190628 11:11:36.415" level="INFO">Typing text '1' into text field 'xpath=//*[@id="root"]/div/div[2]/div/div[2]/div[5]/label/div[1]/input'.</msg>
<status status="PASS" starttime="20190628 11:11:36.414" endtime="20190628 11:11:36.561"></status>
</kw>
<status status="PASS" starttime="20190628 11:11:36.414" endtime="20190628 11:11:36.561"></status>
</kw>
<kw name="Numer telefonu" library="Keywords_rejestracja">
<arguments>
<arg>${Numer telefonu}</arg>
</arguments>
<kw name="Input Text" library="SeleniumLibrary">
<doc>Types the given ``text`` into text field identified by ``locator``.</doc>
<arguments>
<arg>xpath=//*[@id="root"]/div/div[2]/div/div[2]/div[6]/div/label/div/input</arg>
<arg>${Numer telefonu}</arg>
</arguments>
[...]
</kw>
<kw name="Miasto pracodawcy" library="Zatrudnienie">
<arguments>
<arg>Wroclław</arg>
</arguments>
<kw name="Input Text" library="SeleniumLibrary">
<doc>Types the given ``text`` into text field identified by ``locator``.</doc>
<arguments>
<arg>name=employer_city</arg>
<arg>${Miasto pracodawcy}</arg>
</arguments>
<msg timestamp="20190628 11:13:34.588" level="INFO">Typing text 'Wroclław' into text field 'name=employer_city'.</msg>
<status status="PASS" starttime="20190628 11:13:34.588" endtime="20190628 11:13:34.901"></status>
</kw>
<status status="PASS" starttime="20190628 11:13:34.587" endtime="20190628 11:13:34.901"></status>
</kw>
<kw name="Kod pocztowy pracodawcy" library="Zatrudnienie">
<arguments>
<arg>54321</arg>
</arguments>
<kw name="Input Text" library="SeleniumLibrary">
<doc>Types the given ``text`` into text field identified by ``locator``.</doc>
<arguments>
<arg>name=employer_postal_code</arg>
<arg>${Kod pocztowy pracodawcy}</arg>
</arguments>
<msg timestamp="20190628 11:13:34.903" level="INFO">Typing text '54321' into text field 'name=employer_postal_code'.</msg>
<status status="PASS" starttime="20190628 11:13:34.902" endtime="20190628 11:13:35.108"></status>
</kw>
<status status="PASS" starttime="20190628 11:13:34.901" endtime="20190628 11:13:35.108"></status>
</kw>
<kw name="Miesieczny przychod" library="Zatrudnienie">
<arguments>
<arg>1500</arg>
</arguments>
<kw name="Input Text" library="SeleniumLibrary">
<doc>Types the given ``text`` into text field identified by ``locator``.</doc>
<arguments>
<arg>name=monthly_net_income</arg>
<arg>${Miesieczny przychod}</arg>
</arguments>
<msg timestamp="20190628 11:13:35.110" level="INFO">Typing text '1500' into text field 'name=monthly_net_income'.</msg>
<status status="PASS" starttime="20190628 11:13:35.109" endtime="20190628 11:13:35.259"></status>
</kw>
<status status="PASS" starttime="20190628 11:13:35.108" endtime="20190628 11:13:35.259"></status>
</kw>
<kw name="Sposob wplat" library="Zatrudnienie">
<arguments>
<arg>2</arg>
</arguments>
<kw name="Select From List By Index" library="SeleniumLibrary">
<doc>Selects options from selection list ``locator`` by ``indexes``.</doc>
<arguments>
<arg>name=income_payout_target</arg>
<arg>${Sposob wplat}</arg>
</arguments>
<msg timestamp="20190628 11:13:35.261" level="INFO">Selecting options from selection list 'name=income_payout_target' by index 2.</msg>
<status status="PASS" starttime="20190628 11:13:35.260" endtime="20190628 11:13:35.395"></status>
</kw>
<status status="PASS" starttime="20190628 11:13:35.260" endtime="20190628 11:13:35.396"></status>
</kw>
<status status="PASS" starttime="20190628 11:13:32.588" endtime="20190628 11:13:35.396"></status>
</kw>
<status status="PASS" starttime="20190628 11:13:32.588" endtime="20190628 11:13:35.396"></status>
</kw>
<kw name="Run Keyword If" library="BuiltIn">
<doc>Runs the given keyword with the given arguments, if ``condition`` is true.</doc>
<arguments>
<arg>${Typ zatrudnienia}==2</arg>
<arg>Projekt</arg>
</arguments>
<status status="PASS" starttime="20190628 11:13:35.396" endtime="20190628 11:13:35.397"></status>
</kw>
<kw name="Run Keyword If" library="BuiltIn">
<doc>Runs the given keyword with the given arguments, if ``condition`` is true.</doc>
<arguments>
<arg>${Typ zatrudnienia}==3</arg>
<arg>Samozatrudnienie</arg>
</arguments>
<status status="PASS" starttime="20190628 11:13:35.397" endtime="20190628 11:13:35.398"></status>
</kw>
<kw name="Run Keyword If" library="BuiltIn">
<doc>Runs the given keyword with the given arguments, if ``condition`` is true.</doc>
<arguments>
<arg>${Typ zatrudnienia}==4</arg>
<arg>Rencista_okr</arg>
</arguments>
<status status="PASS" starttime="20190628 11:13:35.398" endtime="20190628 11:13:35.398"></status>
</kw>
<kw name="Run Keyword If" library="BuiltIn">
<doc>Runs the given keyword with the given arguments, if ``condition`` is true.</doc>
<arguments>
<arg>${Typ zatrudnienia}==5</arg>
<arg>Student</arg>
</arguments>
<status status="PASS" starttime="20190628 11:13:35.398" endtime="20190628 11:13:35.399"></status>
</kw>
<kw name="Run Keyword If" library="BuiltIn">
<doc>Runs the given keyword with the given arguments, if ``condition`` is true.</doc>
<arguments>
<arg>${Typ zatrudnienia}==6</arg>
<arg>Farmer</arg>
</arguments>
<status status="PASS" starttime="20190628 11:13:35.399" endtime="20190628 11:13:35.399"></status>
</kw>
<kw name="Run Keyword If" library="BuiltIn">
<doc>Runs the given keyword with the given arguments, if ``condition`` is true.</doc>
<arguments>
<arg>${Typ zatrudnienia}==7</arg>
<arg>Gospodyni</arg>
</arguments>
<status status="PASS" starttime="20190628 11:13:35.399" endtime="20190628 11:13:35.400"></status>
</kw>
<kw name="Run Keyword If" library="BuiltIn">
<doc>Runs the given keyword with the given arguments, if ``condition`` is true.</doc>
<arguments>
<arg>${Typ zatrudnienia}==8</arg>
<arg>Bezrobotny</arg>
</arguments>
<status status="PASS" starttime="20190628 11:13:35.400" endtime="20190628 11:13:35.400"></status>
</kw>
<kw name="Run Keyword If" library="BuiltIn">
<doc>Runs the given keyword with the given arguments, if ``condition`` is true.</doc>
<arguments>
<arg>${Typ zatrudnienia}==9</arg>
<arg>Inne</arg>
</arguments>
<status status="PASS" starttime="20190628 11:13:35.400" endtime="20190628 11:13:35.401"></status>
</kw>
<kw name="Run Keyword If" library="BuiltIn">
<doc>Runs the given keyword with the given arguments, if ``condition`` is true.</doc>
<arguments>
<arg>${Typ zatrudnienia}==10</arg>
<arg>PracaDorywcza</arg>
</arguments>
<status status="PASS" starttime="20190628 11:13:35.401" endtime="20190628 11:13:35.401"></status>
</kw>
<kw name="DalejZatrudnienie" library="Zatrudnienie">
<kw name="Click Button" library="SeleniumLibrary">
<doc>Clicks button identified by ``locator``.</doc>
<arguments>
<arg>xpath=//*[@id="root"]/div/div[2]/div/div[3]/button[2]</arg>
</arguments>
<msg timestamp="20190628 11:13:35.402" level="INFO">Clicking button 'xpath=//*[@id="root"]/div/div[2]/div/div[3]/button[2]'.</msg>
<status status="PASS" starttime="20190628 11:13:35.402" endtime="20190628 11:13:35.583"></status>
</kw>
<status status="PASS" starttime="20190628 11:13:35.401" endtime="20190628 11:13:35.584"></status>
</kw>
<kw name="Wait Until Element Is Visible" library="SeleniumLibrary">
<doc>Waits until element ``locator`` is visible.</doc>
<arguments>
<arg>name=monthly_regular_expenses</arg>
</arguments>
<status status="PASS" starttime="20190628 11:13:35.584" endtime="20190628 11:13:35.639"></status>
</kw>
<kw name="Miesieczne wydatki" library="Keywords_rejestracja">
<arguments>
<arg>${Miesieczne wydatki}</arg>
</arguments>
<kw name="Input Text" library="SeleniumLibrary">
<doc>Types the given ``text`` into text field identified by ``locator``.</doc>
<arguments>
<arg>name=monthly_regular_expenses</arg>
<arg>${Miesieczne wydatki}</arg>
</arguments>
<msg timestamp="20190628 11:13:35.641" level="INFO">Typing text '2100' into text field 'name=monthly_regular_expenses'.</msg>
<status status="PASS" starttime="20190628 11:13:35.640" endtime="20190628 11:13:35.846"></status>
</kw>
<status status="PASS" starttime="20190628 11:13:35.640" endtime="20190628 11:13:35.846"></status>
</kw>
<kw name="Dodatkowe wydatki" library="Keywords_rejestracja">
<arguments>
<arg>${Dodatkowe wydatki}</arg>
</arguments>
<kw name="Input Text" library="SeleniumLibrary">
<doc>Types the given ``text`` into text field identified by ``locator``.</doc>
<arguments>
<arg>name=other_loan_monthly_expenses</arg>
<arg>${Dodatkowe wydatki}</arg>
</arguments>
<msg timestamp="20190628 11:13:35.847" level="INFO">Typing text '500' into text field 'name=other_loan_monthly_expenses'.</msg>
<status status="PASS" starttime="20190628 11:13:35.847" endtime="20190628 11:13:36.021"></status>
</kw>
<status status="PASS" starttime="20190628 11:13:35.847" endtime="20190628 11:13:36.021"></status>
</kw>
<kw name="Zgoda1" library="Keywords_rejestracja">
<kw name="Click Element" library="SeleniumLibrary">
<doc>Click element identified by ``locator``.</doc>
<arguments>
<arg>xpath=//*[@id="root"]/div/div[2]/div/div[2]/div[4]/div/div/label[1]/span</arg>
</arguments>
<msg timestamp="20190628 11:13:36.022" level="INFO">Clicking element 'xpath=//*[@id="root"]/div/div[2]/div/div[2]/div[4]/div/div/label[1]/span'.</msg>
<status status="PASS" starttime="20190628 11:13:36.022" endtime="20190628 11:13:36.120"></status>
</kw>
<status status="PASS" starttime="20190628 11:13:36.021" endtime="20190628 11:13:36.121"></status>
</kw>
<kw name="Zgoda2" library="Keywords_rejestracja">
<kw name="Click Element" library="SeleniumLibrary">
<doc>Click element identified by ``locator``.</doc>
<arguments>
<arg>xpath=//*[@id="root"]/div/div[2]/div/div[2]/div[5]/div/div/label[1]/span</arg>
</arguments>
<msg timestamp="20190628 11:13:36.121" level="INFO">Clicking element 'xpath=//*[@id="root"]/div/div[2]/div/div[2]/div[5]/div/div/label[1]/span'.</msg>
<status status="PASS" starttime="20190628 11:13:36.121" endtime="20190628 11:13:36.212"></status>
</kw>
<status status="PASS" starttime="20190628 11:13:36.121" endtime="20190628 11:13:36.212"></status>
</kw>
<kw name="Zgoda3" library="Keywords_rejestracja">
<kw name="Click Element" library="SeleniumLibrary">
<doc>Click element identified by ``locator``.</doc>
<arguments>
<arg>xpath=//*[@id="root"]/div/div[2]/div/div[2]/div[6]/div/div/label[1]/span</arg>
</arguments>
<msg timestamp="20190628 11:13:36.213" level="INFO">Clicking element 'xpath=//*[@id="root"]/div/div[2]/div/div[2]/div[6]/div/div/label[1]/span'.</msg>
<status status="PASS" starttime="20190628 11:13:36.213" endtime="20190628 11:13:36.293"></status>
</kw>
<status status="PASS" starttime="20190628 11:13:36.212" endtime="20190628 11:13:36.293"></status>
</kw>
<kw name="Zgoda4" library="Keywords_rejestracja">
<kw name="Click Element" library="SeleniumLibrary">
<doc>Click element identified by ``locator``.</doc>
<arguments>
<arg>xpath=//*[@id="root"]/div/div[2]/div/div[2]/div[7]/div/div/label[1]/span</arg>
</arguments>
<msg timestamp="20190628 11:13:36.295" level="INFO">Clicking element 'xpath=//*[@id="root"]/div/div[2]/div/div[2]/div[7]/div/div/label[1]/span'.</msg>
<status status="PASS" starttime="20190628 11:13:36.294" endtime="20190628 11:13:36.382"></status>
</kw>
<status status="PASS" starttime="20190628 11:13:36.294" endtime="20190628 11:13:36.382"></status>
</kw>
<kw name="Zgoda5" library="Keywords_rejestracja">
<kw name="Click Element" library="SeleniumLibrary">
<doc>Click element identified by ``locator``.</doc>
<arguments>
<arg>xpath=//*[@id="root"]/div/div[2]/div/div[2]/div[8]/div/div/label[1]/span</arg>
</arguments>
<msg timestamp="20190628 11:13:36.383" level="INFO">Clicking element 'xpath=//*[@id="root"]/div/div[2]/div/div[2]/div[8]/div/div/label[1]/span'.</msg>
<status status="PASS" starttime="20190628 11:13:36.383" endtime="20190628 11:13:36.459"></status>
</kw>
<status status="PASS" starttime="20190628 11:13:36.383" endtime="20190628 11:13:36.459"></status>
</kw>
<kw name="Zgoda6" library="Keywords_rejestracja">
<kw name="Click Element" library="SeleniumLibrary">
<doc>Click element identified by ``locator``.</doc>
<arguments>
<arg>xpath=//*[@id="root"]/div/div[2]/div/div[2]/div[9]/div/div/label[1]/span</arg>
</arguments>
<msg timestamp="20190628 11:13:36.460" level="INFO">Clicking element 'xpath=//*[@id="root"]/div/div[2]/div/div[2]/div[9]/div/div/label[1]/span'.</msg>
<status status="PASS" starttime="20190628 11:13:36.459" endtime="20190628 11:13:36.528"></status>
</kw>
<status status="PASS" starttime="20190628 11:13:36.459" endtime="20190628 11:13:36.529"></status>
</kw>
<kw name="Zgoda7" library="Keywords_rejestracja">
<kw name="Click Element" library="SeleniumLibrary">
<doc>Click element identified by ``locator``.</doc>
<arguments>
<arg>xpath=//*[@id="root"]/div/div[2]/div/div[2]/div[10]/div/div/label[1]/span</arg>
</arguments>
<msg timestamp="20190628 11:13:36.530" level="INFO">Clicking element 'xpath=//*[@id="root"]/div/div[2]/div/div[2]/div[10]/div/div/label[1]/span'.</msg>
<status status="PASS" starttime="20190628 11:13:36.529" endtime="20190628 11:13:36.609"></status>
</kw>
<status status="PASS" starttime="20190628 11:13:36.529" endtime="20190628 11:13:36.609"></status>
</kw>
<kw name="Zgoda8" library="Keywords_rejestracja">
<kw name="Click Element" library="SeleniumLibrary">
<doc>Click element identified by ``locator``.</doc>
<arguments>
<arg>xpath=//*[@id="root"]/div/div[2]/div/div[2]/div[11]/div/div/label[1]/span</arg>
</arguments>
<msg timestamp="20190628 11:13:36.610" level="INFO">Clicking element 'xpath=//*[@id="root"]/div/div[2]/div/div[2]/div[11]/div/div/label[1]/span'.</msg>
<status status="PASS" starttime="20190628 11:13:36.610" endtime="20190628 11:13:36.680"></status>
</kw>
<status status="PASS" starttime="20190628 11:13:36.609" endtime="20190628 11:13:36.680"></status>
</kw>
<kw name="Wyslij wniosek" library="Keywords_rejestracja">
<kw name="Click Button" library="SeleniumLibrary">
<doc>Clicks button identified by ``locator``.</doc>
<arguments>
<arg>Wyślij</arg>
</arguments>
<msg timestamp="20190628 11:13:36.682" level="INFO">Clicking button 'Wyślij'.</msg>
<status status="PASS" starttime="20190628 11:13:36.681" endtime="20190628 11:13:36.783"></status>
</kw>
<status status="PASS" starttime="20190628 11:13:36.681" endtime="20190628 11:13:36.784"></status>
</kw>
<kw name="INGBank" library="Keywords_rejestracja">
<kw name="Wait Until Element Is Visible" library="SeleniumLibrary">
<doc>Waits until element ``locator`` is visible.</doc>
<arguments>
<arg>id=instantor</arg>
</arguments>
<status status="PASS" starttime="20190628 11:13:36.784" endtime="20190628 11:13:37.701"></status>
</kw>
<kw name="Select Frame" library="SeleniumLibrary">
<doc>Sets frame identified by ``locator`` as the current frame.</doc>
<arguments>
<arg>id=instantor</arg>
</arguments>
<msg timestamp="20190628 11:13:37.701" level="INFO">Selecting frame 'id=instantor'.</msg>
<status status="PASS" starttime="20190628 11:13:37.701" endtime="20190628 11:13:37.737"></status>
</kw>
<kw name="Wait Until Element Is Visible" library="SeleniumLibrary">
<doc>Waits until element ``locator`` is visible.</doc>
<arguments>
<arg>xpath=//*[@id="bank-list-chooser-section"]/div[1]/div[2]</arg>
</arguments>
<status status="PASS" starttime="20190628 11:13:37.737" endtime="20190628 11:13:38.245"></status>
</kw>
<kw name="Click Element" library="SeleniumLibrary">
<doc>Click element identified by ``locator``.</doc>
<arguments>
<arg>xpath=//*[@id="bank-list-chooser-section"]/div[1]/div[2]</arg>
</arguments>
<msg timestamp="20190628 11:13:38.245" level="INFO">Clicking element 'xpath=//*[@id="bank-list-chooser-section"]/div[1]/div[2]'.</msg>
<status status="PASS" starttime="20190628 11:13:38.245" endtime="20190628 11:13:38.383"></status>
</kw>
<status status="PASS" starttime="20190628 11:13:36.784" endtime="20190628 11:13:38.383"></status>
</kw>
<kw name="INGLogin" library="Keywords_rejestracja">
<arguments>
<arg>fake42!</arg>
</arguments>
<kw name="Unselect Frame" library="SeleniumLibrary">
<doc>Sets the main frame as the current frame.</doc>
<status status="PASS" starttime="20190628 11:13:38.384" endtime="20190628 11:13:38.391"></status>
</kw>
<kw name="Select Frame" library="SeleniumLibrary">
<doc>Sets frame identified by ``locator`` as the current frame.</doc>
<arguments>
<arg>id=instantor</arg>
</arguments>
<msg timestamp="20190628 11:13:38.392" level="INFO">Selecting frame 'id=instantor'.</msg>
<status status="PASS" starttime="20190628 11:13:38.391" endtime="20190628 11:13:38.431"></status>
</kw>
<kw name="Wait Until Element Is Visible" library="SeleniumLibrary">
<doc>Waits until element ``locator`` is visible.</doc>
<arguments>
<arg>id=field_01</arg>
</arguments>
<status status="PASS" starttime="20190628 11:13:38.431" endtime="20190628 11:13:38.683"></status>
</kw>
<kw name="Input Text" library="SeleniumLibrary">
<doc>Types the given ``text`` into text field identified by ``locator``.</doc>
<arguments>
<arg>id=field_01</arg>
<arg>${INGlogin}</arg>
</arguments>
<msg timestamp="20190628 11:13:38.683" level="INFO">Typing text 'fake42!' into text field 'id=field_01'.</msg>
<status status="PASS" starttime="20190628 11:13:38.683" endtime="20190628 11:13:38.805"></status>
</kw>
<kw name="Sleep" library="BuiltIn">
<doc>Pauses the test executed for the given time.</doc>
<arguments>
<arg>1s</arg>
</arguments>
<msg timestamp="20190628 11:13:39.806" level="INFO">Slept 1 second</msg>
<status status="PASS" starttime="20190628 11:13:38.805" endtime="20190628 11:13:39.806"></status>
</kw>
<kw name="Click Element" library="SeleniumLibrary">
<doc>Click element identified by ``locator``.</doc>
<arguments>
<arg>id=terms_and_conditions</arg>
</arguments>
<msg timestamp="20190628 11:13:39.806" level="INFO">Clicking element 'id=terms_and_conditions'.</msg>
<status status="PASS" starttime="20190628 11:13:39.806" endtime="20190628 11:13:39.942"></status>
</kw>
<kw name="Click Element" library="SeleniumLibrary">
<doc>Click element identified by ``locator``.</doc>
<arguments>
<arg>id=privacy_policy</arg>
</arguments>
<msg timestamp="20190628 11:13:39.942" level="INFO">Clicking element 'id=privacy_policy'.</msg>
<status status="PASS" starttime="20190628 11:13:39.942" endtime="20190628 11:13:40.049"></status>
</kw>
<kw name="Click Element" library="SeleniumLibrary">
<doc>Click element identified by ``locator``.</doc>
<arguments>
<arg>xpath=//*[@id="main-content"]/div/div/div/div/form/button</arg>
</arguments>
<msg timestamp="20190628 11:13:40.049" level="INFO">Clicking element 'xpath=//*[@id="main-content"]/div/div/div/div/form/button'.</msg>
<status status="PASS" starttime="20190628 11:13:40.049" endtime="20190628 11:13:40.179"></status>
</kw>
<kw name="Wait Until Element Is Visible" library="SeleniumLibrary">
<doc>Waits until element ``locator`` is visible.</doc>
<arguments>
<arg>xpath=//*[@id="root"]/div/div[1]/img</arg>
</arguments>
<status status="PASS" starttime="20190628 11:13:40.179" endtime="20190628 11:13:44.470"></status>
</kw>
<status status="PASS" starttime="20190628 11:13:38.383" endtime="20190628 11:13:44.470"></status>
</kw>
<kw name="Wyloguj klienta" library="Keywords">
<kw name="Sleep" library="BuiltIn">
<doc>Pauses the test executed for the given time.</doc>
<arguments>
<arg>3s</arg>
</arguments>
<msg timestamp="20190628 11:13:47.484" level="INFO">Slept 3 seconds</msg>
<status status="PASS" starttime="20190628 11:13:44.471" endtime="20190628 11:13:47.484"></status>
</kw>
<kw name="Click Button" library="SeleniumLibrary">
<doc>Clicks button identified by ``locator``.</doc>
<arguments>
<arg>xpath=//*[@id="root"]/div/div[1]/form/button</arg>
</arguments>
<msg timestamp="20190628 11:13:47.484" level="INFO">Clicking button 'xpath=//*[@id="root"]/div/div[1]/form/button'.</msg>
<status status="PASS" starttime="20190628 11:13:47.484" endtime="20190628 11:13:47.563"></status>
</kw>
<status status="PASS" starttime="20190628 11:13:44.471" endtime="20190628 11:13:47.563"></status>
</kw>
<kw name="Wait Until Page Contains" library="SeleniumLibrary">
<doc>Waits until ``text`` appears on current page.</doc>
<arguments>
<arg>Nastąpiło wylogowanie z aplikacji.</arg>
</arguments>
<status status="PASS" starttime="20190628 11:13:47.564" endtime="20190628 11:13:47.834"></status>
</kw>
<status status="PASS" starttime="20190628 11:13:17.648" endtime="20190628 11:13:47.835"></status>
</kw>
<status status="PASS" starttime="20190628 11:13:17.647" endtime="20190628 11:13:47.835" critical="yes"></status>
</test>
<doc>Rejestracja_klient</doc>
<status status="PASS" starttime="20190628 11:10:20.802" endtime="20190628 11:13:47.837"></status>
</suite>
<statistics>
<total>
<stat pass="7" fail="0">Critical Tests</stat>
<stat pass="7" fail="0">All Tests</stat>
</total>
<tag>
</tag>
<suite>
<stat pass="7" fail="0" id="s1" name="Rejestracja klient">Rejestracja klient</stat>
</suite>
</statistics>
<errors>
</errors>
</robot>
